#! /c/Source/iverilog-install/bin/vvp
:ivl_version "12.0 (devel)" "(s20150603-1539-g2693dd32b)";
:ivl_delay_selection "TYPICAL";
:vpi_time_precision + 0;
:vpi_module "C:\iverilog\lib\ivl\system.vpi";
:vpi_module "C:\iverilog\lib\ivl\vhdl_sys.vpi";
:vpi_module "C:\iverilog\lib\ivl\vhdl_textio.vpi";
:vpi_module "C:\iverilog\lib\ivl\v2005_math.vpi";
:vpi_module "C:\iverilog\lib\ivl\va_math.vpi";
S_000002134fbc55e0 .scope module, "carry_save_adder_4" "carry_save_adder_4" 2 2;
 .timescale 0 0;
    .port_info 0 /INPUT 4 "a";
    .port_info 1 /INPUT 4 "b";
    .port_info 2 /INPUT 4 "c";
    .port_info 3 /OUTPUT 4 "sum";
    .port_info 4 /OUTPUT 4 "cout";
o000002134fbce768 .functor BUFZ 4, C4<zzzz>; HiZ drive
v000002134fc26fb0_0 .net "a", 3 0, o000002134fbce768;  0 drivers
o000002134fbce798 .functor BUFZ 4, C4<zzzz>; HiZ drive
v000002134fc27eb0_0 .net "b", 3 0, o000002134fbce798;  0 drivers
o000002134fbce7c8 .functor BUFZ 4, C4<zzzz>; HiZ drive
v000002134fc28090_0 .net "c", 3 0, o000002134fbce7c8;  0 drivers
v000002134fc284f0_0 .net "cout", 3 0, L_000002134fc28590;  1 drivers
v000002134fc27410_0 .net "sum", 3 0, L_000002134fc27c30;  1 drivers
L_000002134fc26f10 .part o000002134fbce768, 0, 1;
L_000002134fc289f0 .part o000002134fbce798, 0, 1;
L_000002134fc270f0 .part o000002134fbce7c8, 0, 1;
L_000002134fc28c70 .part o000002134fbce768, 1, 1;
L_000002134fc28770 .part o000002134fbce798, 1, 1;
L_000002134fc274b0 .part o000002134fbce7c8, 1, 1;
L_000002134fc27690 .part o000002134fbce768, 2, 1;
L_000002134fc279b0 .part o000002134fbce798, 2, 1;
L_000002134fc27a50 .part o000002134fbce7c8, 2, 1;
L_000002134fc27190 .part o000002134fbce768, 3, 1;
L_000002134fc272d0 .part o000002134fbce798, 3, 1;
L_000002134fc28db0 .part o000002134fbce7c8, 3, 1;
L_000002134fc27c30 .concat8 [ 1 1 1 1], L_000002134fbbfdf0, L_000002134fbbfc30, L_000002134fc2a080, L_000002134fc2aa20;
L_000002134fc28590 .concat8 [ 1 1 1 1], L_000002134fbbfb50, L_000002134fbbfd10, L_000002134fc2a1d0, L_000002134fc2a630;
S_000002134fbc5770 .scope module, "fa0" "full_adder" 2 10, 3 2 0, S_000002134fbc55e0;
 .timescale 0 0;
    .port_info 0 /INPUT 1 "a";
    .port_info 1 /INPUT 1 "b";
    .port_info 2 /INPUT 1 "cin";
    .port_info 3 /OUTPUT 1 "sum";
    .port_info 4 /OUTPUT 1 "cout";
L_000002134fbbfb50 .functor OR 1, L_000002134fc27050, L_000002134fc27550, C4<0>, C4<0>;
v000002134fc1c900_0 .net "a", 0 0, L_000002134fc26f10;  1 drivers
v000002134fc1cb80_0 .net "b", 0 0, L_000002134fc289f0;  1 drivers
v000002134fc1c2c0_0 .net "cin", 0 0, L_000002134fc270f0;  1 drivers
v000002134fc1c400_0 .net "cout", 0 0, L_000002134fbbfb50;  1 drivers
v000002134fc1d4e0_0 .net "ha0_cout", 0 0, L_000002134fc27550;  1 drivers
v000002134fc1c4a0_0 .net "ha0_sum", 0 0, L_000002134fbbfae0;  1 drivers
v000002134fc1c180_0 .net "ha1_cout", 0 0, L_000002134fc27050;  1 drivers
v000002134fc1c540_0 .net "sum", 0 0, L_000002134fbbfdf0;  1 drivers
S_000002134f8dcf30 .scope module, "ha0" "half_adder" 3 13, 4 1 0, S_000002134fbc5770;
 .timescale 0 0;
    .port_info 0 /INPUT 1 "a";
    .port_info 1 /INPUT 1 "b";
    .port_info 2 /OUTPUT 1 "sum";
    .port_info 3 /OUTPUT 1 "cout";
L_000002134fbbfae0 .functor XOR 1, L_000002134fc26f10, L_000002134fc289f0, C4<0>, C4<0>;
v000002134fbc0830_0 .net "a", 0 0, L_000002134fc26f10;  alias, 1 drivers
v000002134fbc1050_0 .net "b", 0 0, L_000002134fc289f0;  alias, 1 drivers
v000002134fbc0510_0 .net "cout", 0 0, L_000002134fc27550;  alias, 1 drivers
v000002134fbc10f0_0 .net "sum", 0 0, L_000002134fbbfae0;  alias, 1 drivers
L_000002134fc27550 .arith/mult 1, L_000002134fc26f10, L_000002134fc289f0;
S_000002134f8dd0c0 .scope module, "hf1" "half_adder" 3 22, 4 1 0, S_000002134fbc5770;
 .timescale 0 0;
    .port_info 0 /INPUT 1 "a";
    .port_info 1 /INPUT 1 "b";
    .port_info 2 /OUTPUT 1 "sum";
    .port_info 3 /OUTPUT 1 "cout";
L_000002134fbbfdf0 .functor XOR 1, L_000002134fc270f0, L_000002134fbbfae0, C4<0>, C4<0>;
v000002134fbc08d0_0 .net "a", 0 0, L_000002134fc270f0;  alias, 1 drivers
v000002134fbc05b0_0 .net "b", 0 0, L_000002134fbbfae0;  alias, 1 drivers
v000002134fbc0970_0 .net "cout", 0 0, L_000002134fc27050;  alias, 1 drivers
v000002134fbc0dd0_0 .net "sum", 0 0, L_000002134fbbfdf0;  alias, 1 drivers
L_000002134fc27050 .arith/mult 1, L_000002134fc270f0, L_000002134fbbfae0;
S_000002134fc1e0a0 .scope module, "fa1" "full_adder" 2 11, 3 2 0, S_000002134fbc55e0;
 .timescale 0 0;
    .port_info 0 /INPUT 1 "a";
    .port_info 1 /INPUT 1 "b";
    .port_info 2 /INPUT 1 "cin";
    .port_info 3 /OUTPUT 1 "sum";
    .port_info 4 /OUTPUT 1 "cout";
L_000002134fbbfd10 .functor OR 1, L_000002134fc27870, L_000002134fc28310, C4<0>, C4<0>;
v000002134fc1d3a0_0 .net "a", 0 0, L_000002134fc28c70;  1 drivers
v000002134fc1db20_0 .net "b", 0 0, L_000002134fc28770;  1 drivers
v000002134fc1dbc0_0 .net "cin", 0 0, L_000002134fc274b0;  1 drivers
v000002134fc1cc20_0 .net "cout", 0 0, L_000002134fbbfd10;  1 drivers
v000002134fc1d580_0 .net "ha0_cout", 0 0, L_000002134fc28310;  1 drivers
v000002134fc1dc60_0 .net "ha0_sum", 0 0, L_000002134fbbfbc0;  1 drivers
v000002134fc1d440_0 .net "ha1_cout", 0 0, L_000002134fc27870;  1 drivers
v000002134fc1dd00_0 .net "sum", 0 0, L_000002134fbbfc30;  1 drivers
S_000002134fc1e230 .scope module, "ha0" "half_adder" 3 13, 4 1 0, S_000002134fc1e0a0;
 .timescale 0 0;
    .port_info 0 /INPUT 1 "a";
    .port_info 1 /INPUT 1 "b";
    .port_info 2 /OUTPUT 1 "sum";
    .port_info 3 /OUTPUT 1 "cout";
L_000002134fbbfbc0 .functor XOR 1, L_000002134fc28c70, L_000002134fc28770, C4<0>, C4<0>;
v000002134fc1d260_0 .net "a", 0 0, L_000002134fc28c70;  alias, 1 drivers
v000002134fc1ce00_0 .net "b", 0 0, L_000002134fc28770;  alias, 1 drivers
v000002134fc1c720_0 .net "cout", 0 0, L_000002134fc28310;  alias, 1 drivers
v000002134fc1d1c0_0 .net "sum", 0 0, L_000002134fbbfbc0;  alias, 1 drivers
L_000002134fc28310 .arith/mult 1, L_000002134fc28c70, L_000002134fc28770;
S_000002134fc1e3c0 .scope module, "hf1" "half_adder" 3 22, 4 1 0, S_000002134fc1e0a0;
 .timescale 0 0;
    .port_info 0 /INPUT 1 "a";
    .port_info 1 /INPUT 1 "b";
    .port_info 2 /OUTPUT 1 "sum";
    .port_info 3 /OUTPUT 1 "cout";
L_000002134fbbfc30 .functor XOR 1, L_000002134fc274b0, L_000002134fbbfbc0, C4<0>, C4<0>;
v000002134fc1d080_0 .net "a", 0 0, L_000002134fc274b0;  alias, 1 drivers
v000002134fc1d300_0 .net "b", 0 0, L_000002134fbbfbc0;  alias, 1 drivers
v000002134fc1da80_0 .net "cout", 0 0, L_000002134fc27870;  alias, 1 drivers
v000002134fc1dee0_0 .net "sum", 0 0, L_000002134fbbfc30;  alias, 1 drivers
L_000002134fc27870 .arith/mult 1, L_000002134fc274b0, L_000002134fbbfbc0;
S_000002134fc26560 .scope module, "fa2" "full_adder" 2 12, 3 2 0, S_000002134fbc55e0;
 .timescale 0 0;
    .port_info 0 /INPUT 1 "a";
    .port_info 1 /INPUT 1 "b";
    .port_info 2 /INPUT 1 "cin";
    .port_info 3 /OUTPUT 1 "sum";
    .port_info 4 /OUTPUT 1 "cout";
L_000002134fc2a1d0 .functor OR 1, L_000002134fc27230, L_000002134fc28270, C4<0>, C4<0>;
v000002134fc1c360_0 .net "a", 0 0, L_000002134fc27690;  1 drivers
v000002134fc1d6c0_0 .net "b", 0 0, L_000002134fc279b0;  1 drivers
v000002134fc1de40_0 .net "cin", 0 0, L_000002134fc27a50;  1 drivers
v000002134fc1d760_0 .net "cout", 0 0, L_000002134fc2a1d0;  1 drivers
v000002134fc1ca40_0 .net "ha0_cout", 0 0, L_000002134fc28270;  1 drivers
v000002134fc1cf40_0 .net "ha0_sum", 0 0, L_000002134fc2a940;  1 drivers
v000002134fc1c860_0 .net "ha1_cout", 0 0, L_000002134fc27230;  1 drivers
v000002134fc1d800_0 .net "sum", 0 0, L_000002134fc2a080;  1 drivers
S_000002134fc266f0 .scope module, "ha0" "half_adder" 3 13, 4 1 0, S_000002134fc26560;
 .timescale 0 0;
    .port_info 0 /INPUT 1 "a";
    .port_info 1 /INPUT 1 "b";
    .port_info 2 /OUTPUT 1 "sum";
    .port_info 3 /OUTPUT 1 "cout";
L_000002134fc2a940 .functor XOR 1, L_000002134fc27690, L_000002134fc279b0, C4<0>, C4<0>;
v000002134fc1d120_0 .net "a", 0 0, L_000002134fc27690;  alias, 1 drivers
v000002134fc1ccc0_0 .net "b", 0 0, L_000002134fc279b0;  alias, 1 drivers
v000002134fc1dda0_0 .net "cout", 0 0, L_000002134fc28270;  alias, 1 drivers
v000002134fc1c220_0 .net "sum", 0 0, L_000002134fc2a940;  alias, 1 drivers
L_000002134fc28270 .arith/mult 1, L_000002134fc27690, L_000002134fc279b0;
S_000002134fc26880 .scope module, "hf1" "half_adder" 3 22, 4 1 0, S_000002134fc26560;
 .timescale 0 0;
    .port_info 0 /INPUT 1 "a";
    .port_info 1 /INPUT 1 "b";
    .port_info 2 /OUTPUT 1 "sum";
    .port_info 3 /OUTPUT 1 "cout";
L_000002134fc2a080 .functor XOR 1, L_000002134fc27a50, L_000002134fc2a940, C4<0>, C4<0>;
v000002134fc1c5e0_0 .net "a", 0 0, L_000002134fc27a50;  alias, 1 drivers
v000002134fc1cea0_0 .net "b", 0 0, L_000002134fc2a940;  alias, 1 drivers
v000002134fc1d620_0 .net "cout", 0 0, L_000002134fc27230;  alias, 1 drivers
v000002134fc1c680_0 .net "sum", 0 0, L_000002134fc2a080;  alias, 1 drivers
L_000002134fc27230 .arith/mult 1, L_000002134fc27a50, L_000002134fc2a940;
S_000002134fc26a10 .scope module, "fa3" "full_adder" 2 13, 3 2 0, S_000002134fbc55e0;
 .timescale 0 0;
    .port_info 0 /INPUT 1 "a";
    .port_info 1 /INPUT 1 "b";
    .port_info 2 /INPUT 1 "cin";
    .port_info 3 /OUTPUT 1 "sum";
    .port_info 4 /OUTPUT 1 "cout";
L_000002134fc2a630 .functor OR 1, L_000002134fc277d0, L_000002134fc283b0, C4<0>, C4<0>;
v000002134fc1df80_0 .net "a", 0 0, L_000002134fc27190;  1 drivers
v000002134fc1c0e0_0 .net "b", 0 0, L_000002134fc272d0;  1 drivers
v000002134fc27910_0 .net "cin", 0 0, L_000002134fc28db0;  1 drivers
v000002134fc281d0_0 .net "cout", 0 0, L_000002134fc2a630;  1 drivers
v000002134fc28450_0 .net "ha0_cout", 0 0, L_000002134fc283b0;  1 drivers
v000002134fc27ff0_0 .net "ha0_sum", 0 0, L_000002134fc2a4e0;  1 drivers
v000002134fc286d0_0 .net "ha1_cout", 0 0, L_000002134fc277d0;  1 drivers
v000002134fc28bd0_0 .net "sum", 0 0, L_000002134fc2aa20;  1 drivers
S_000002134fc26ba0 .scope module, "ha0" "half_adder" 3 13, 4 1 0, S_000002134fc26a10;
 .timescale 0 0;
    .port_info 0 /INPUT 1 "a";
    .port_info 1 /INPUT 1 "b";
    .port_info 2 /OUTPUT 1 "sum";
    .port_info 3 /OUTPUT 1 "cout";
L_000002134fc2a4e0 .functor XOR 1, L_000002134fc27190, L_000002134fc272d0, C4<0>, C4<0>;
v000002134fc1c9a0_0 .net "a", 0 0, L_000002134fc27190;  alias, 1 drivers
v000002134fc1cae0_0 .net "b", 0 0, L_000002134fc272d0;  alias, 1 drivers
v000002134fc1c7c0_0 .net "cout", 0 0, L_000002134fc283b0;  alias, 1 drivers
v000002134fc1cd60_0 .net "sum", 0 0, L_000002134fc2a4e0;  alias, 1 drivers
L_000002134fc283b0 .arith/mult 1, L_000002134fc27190, L_000002134fc272d0;
S_000002134fc26d30 .scope module, "hf1" "half_adder" 3 22, 4 1 0, S_000002134fc26a10;
 .timescale 0 0;
    .port_info 0 /INPUT 1 "a";
    .port_info 1 /INPUT 1 "b";
    .port_info 2 /OUTPUT 1 "sum";
    .port_info 3 /OUTPUT 1 "cout";
L_000002134fc2aa20 .functor XOR 1, L_000002134fc28db0, L_000002134fc2a4e0, C4<0>, C4<0>;
v000002134fc1cfe0_0 .net "a", 0 0, L_000002134fc28db0;  alias, 1 drivers
v000002134fc1d8a0_0 .net "b", 0 0, L_000002134fc2a4e0;  alias, 1 drivers
v000002134fc1d940_0 .net "cout", 0 0, L_000002134fc277d0;  alias, 1 drivers
v000002134fc1d9e0_0 .net "sum", 0 0, L_000002134fc2aa20;  alias, 1 drivers
L_000002134fc277d0 .arith/mult 1, L_000002134fc28db0, L_000002134fc2a4e0;
# The file index is used to find the file name in the following table.
:file_names 5;
    "N/A";
    "<interactive>";
    "carry_save_adder_4.v";
    "./../../../Project 2 - Full Adder/src/verilog/full_adder.v";
    "./../../../Project 1 - Half Adder/src/verilog/half_adder.v";
