#! /c/Source/iverilog-install/bin/vvp
:ivl_version "12.0 (devel)" "(s20150603-1539-g2693dd32b)";
:ivl_delay_selection "TYPICAL";
:vpi_time_precision + 0;
:vpi_module "C:\iverilog\lib\ivl\system.vpi";
:vpi_module "C:\iverilog\lib\ivl\vhdl_sys.vpi";
:vpi_module "C:\iverilog\lib\ivl\vhdl_textio.vpi";
:vpi_module "C:\iverilog\lib\ivl\v2005_math.vpi";
:vpi_module "C:\iverilog\lib\ivl\va_math.vpi";
S_0000011da0552620 .scope module, "index" "index" 2 1;
 .timescale 0 0;
    .port_info 0 /INPUT 16 "in";
    .port_info 1 /OUTPUT 4 "out";
o0000011da05868c8 .functor BUFZ 16, C4<zzzzzzzzzzzzzzzz>; HiZ drive
v0000011da0552cc0_0 .net "in", 15 0, o0000011da05868c8;  0 drivers
v0000011da065ee30_0 .var "out", 3 0;
E_0000011da0584ba0 .event anyedge, v0000011da0552cc0_0;
    .scope S_0000011da0552620;
T_0 ;
    %wait E_0000011da0584ba0;
    %load/vec4 v0000011da0552cc0_0;
    %parti/s 5, 9, 5;
    %pad/u 4;
    %assign/vec4 v0000011da065ee30_0, 0;
    %jmp T_0;
    .thread T_0, $push;
# The file index is used to find the file name in the following table.
:file_names 3;
    "N/A";
    "<interactive>";
    "index.v";
