#! /c/Source/iverilog-install/bin/vvp
:ivl_version "12.0 (devel)" "(s20150603-1539-g2693dd32b)";
:ivl_delay_selection "TYPICAL";
:vpi_time_precision + 0;
:vpi_module "C:\iverilog\lib\ivl\system.vpi";
:vpi_module "C:\iverilog\lib\ivl\vhdl_sys.vpi";
:vpi_module "C:\iverilog\lib\ivl\vhdl_textio.vpi";
:vpi_module "C:\iverilog\lib\ivl\v2005_math.vpi";
:vpi_module "C:\iverilog\lib\ivl\va_math.vpi";
S_000001c59788a430 .scope module, "ripple_carry_adder_16" "ripple_carry_adder_16" 2 3;
 .timescale 0 0;
    .port_info 0 /INPUT 16 "a";
    .port_info 1 /INPUT 16 "b";
    .port_info 2 /INPUT 1 "cin";
    .port_info 3 /OUTPUT 1 "cout";
    .port_info 4 /OUTPUT 16 "sum";
L_000001c59793dd40 .functor BUFZ 1, L_000001c59793dbf0, C4<0>, C4<0>, C4<0>;
o000001c5978e5588 .functor BUFZ 16, C4<zzzzzzzzzzzzzzzz>; HiZ drive
v000001c59794a810_0 .net "a", 15 0, o000001c5978e5588;  0 drivers
o000001c5978e55b8 .functor BUFZ 16, C4<zzzzzzzzzzzzzzzz>; HiZ drive
v000001c59794a950_0 .net "b", 15 0, o000001c5978e55b8;  0 drivers
o000001c5978e10b8 .functor BUFZ 1, C4<z>; HiZ drive
v000001c59794a630_0 .net "cin", 0 0, o000001c5978e10b8;  0 drivers
v000001c59794b3f0_0 .net "cout", 0 0, L_000001c59793dd40;  1 drivers
v000001c59794b7b0_0 .net "rca80_cout", 0 0, L_000001c59793da30;  1 drivers
v000001c59794b490_0 .net "rca80_sum", 7 0, L_000001c59794be90;  1 drivers
v000001c59794b2b0_0 .net "rca81_cout", 0 0, L_000001c59793dbf0;  1 drivers
v000001c59794b5d0_0 .net "rca81_sum", 7 0, L_000001c59794df10;  1 drivers
v000001c59794b0d0_0 .net "sum", 15 0, L_000001c59794cc50;  1 drivers
L_000001c59794c750 .part o000001c5978e5588, 0, 8;
L_000001c59794abd0 .part o000001c5978e55b8, 0, 8;
L_000001c59794dd30 .part o000001c5978e5588, 8, 8;
L_000001c59794cbb0 .part o000001c5978e55b8, 8, 8;
L_000001c59794cc50 .concat [ 8 8 0 0], L_000001c59794be90, L_000001c59794df10;
S_000001c59788a5c0 .scope module, "rca80" "ripple_carry_adder_8" 2 16, 3 3 0, S_000001c59788a430;
 .timescale 0 0;
    .port_info 0 /INPUT 8 "a";
    .port_info 1 /INPUT 8 "b";
    .port_info 2 /INPUT 1 "cin";
    .port_info 3 /OUTPUT 1 "cout";
    .port_info 4 /OUTPUT 8 "sum";
L_000001c59793da30 .functor BUFZ 1, L_000001c59793ddb0, C4<0>, C4<0>, C4<0>;
v000001c59793ac20_0 .net "a", 7 0, L_000001c59794c750;  1 drivers
v000001c59793a400_0 .net "b", 7 0, L_000001c59794abd0;  1 drivers
v000001c59793a2c0_0 .net "cin", 0 0, o000001c5978e10b8;  alias, 0 drivers
v000001c59793aea0_0 .net "cout", 0 0, L_000001c59793da30;  alias, 1 drivers
v000001c597939b40_0 .net "rca40_cout", 0 0, L_000001c5978dd340;  1 drivers
v000001c597939dc0_0 .net "rca40_sum", 3 0, L_000001c59794c6b0;  1 drivers
v000001c59793a540_0 .net "rca41_cout", 0 0, L_000001c59793ddb0;  1 drivers
v000001c597939e60_0 .net "rca41_sum", 3 0, L_000001c59794c890;  1 drivers
v000001c597939f00_0 .net "sum", 7 0, L_000001c59794be90;  alias, 1 drivers
L_000001c59794a450 .part L_000001c59794c750, 0, 4;
L_000001c59794b990 .part L_000001c59794abd0, 0, 4;
L_000001c59794b8f0 .part L_000001c59794c750, 4, 4;
L_000001c59794c390 .part L_000001c59794abd0, 4, 4;
L_000001c59794be90 .concat [ 4 4 0 0], L_000001c59794c6b0, L_000001c59794c890;
S_000001c59783cef0 .scope module, "rca40" "ripple_carry_adder_4" 3 16, 4 2 0, S_000001c59788a5c0;
 .timescale 0 0;
    .port_info 0 /INPUT 4 "a";
    .port_info 1 /INPUT 4 "b";
    .port_info 2 /INPUT 1 "cin";
    .port_info 3 /OUTPUT 1 "cout";
    .port_info 4 /OUTPUT 4 "sum";
L_000001c5978dd340 .functor BUFZ 1, L_000001c5978dd110, C4<0>, C4<0>, C4<0>;
v000001c597935b80_0 .net "a", 3 0, L_000001c59794a450;  1 drivers
v000001c597935e00_0 .net "b", 3 0, L_000001c59794b990;  1 drivers
v000001c597936120_0 .net "cin", 0 0, o000001c5978e10b8;  alias, 0 drivers
v000001c597936260_0 .net "cout", 0 0, L_000001c5978dd340;  alias, 1 drivers
v000001c597937370_0 .net "fa0_cout", 0 0, L_000001c5978dc9a0;  1 drivers
v000001c5979375f0_0 .net "fa0_sum", 0 0, L_000001c5978dc700;  1 drivers
v000001c597937050_0 .net "fa1_cout", 0 0, L_000001c5978dd2d0;  1 drivers
v000001c597937230_0 .net "fa1_sum", 0 0, L_000001c5978dcfc0;  1 drivers
v000001c597937e10_0 .net "fa2_cout", 0 0, L_000001c5978dca80;  1 drivers
v000001c5979384f0_0 .net "fa2_sum", 0 0, L_000001c5978dc8c0;  1 drivers
v000001c597938e50_0 .net "fa3_cout", 0 0, L_000001c5978dd110;  1 drivers
v000001c597937550_0 .net "fa3_sum", 0 0, L_000001c5978dcee0;  1 drivers
v000001c597937af0_0 .net "sum", 3 0, L_000001c59794c6b0;  alias, 1 drivers
L_000001c59794c110 .part L_000001c59794a450, 0, 1;
L_000001c59794a1d0 .part L_000001c59794b990, 0, 1;
L_000001c59794aa90 .part L_000001c59794a450, 1, 1;
L_000001c59794aef0 .part L_000001c59794b990, 1, 1;
L_000001c59794ad10 .part L_000001c59794a450, 2, 1;
L_000001c59794c2f0 .part L_000001c59794b990, 2, 1;
L_000001c59794b210 .part L_000001c59794a450, 3, 1;
L_000001c59794c4d0 .part L_000001c59794b990, 3, 1;
L_000001c59794c6b0 .concat [ 1 1 1 1], L_000001c5978dc700, L_000001c5978dcfc0, L_000001c5978dc8c0, L_000001c5978dcee0;
S_000001c59783d080 .scope module, "fa0" "full_adder" 4 19, 5 2 0, S_000001c59783cef0;
 .timescale 0 0;
    .port_info 0 /INPUT 1 "a";
    .port_info 1 /INPUT 1 "b";
    .port_info 2 /INPUT 1 "cin";
    .port_info 3 /OUTPUT 1 "sum";
    .port_info 4 /OUTPUT 1 "cout";
L_000001c5978dc9a0 .functor OR 1, L_000001c59794bcb0, L_000001c59794b350, C4<0>, C4<0>;
v000001c5978d7700_0 .net "a", 0 0, L_000001c59794c110;  1 drivers
v000001c5978d8380_0 .net "b", 0 0, L_000001c59794a1d0;  1 drivers
v000001c5978d87e0_0 .net "cin", 0 0, o000001c5978e10b8;  alias, 0 drivers
v000001c5978d8420_0 .net "cout", 0 0, L_000001c5978dc9a0;  alias, 1 drivers
v000001c5978d77a0_0 .net "ha0_cout", 0 0, L_000001c59794b350;  1 drivers
v000001c5978d8560_0 .net "ha0_sum", 0 0, L_000001c5978dd0a0;  1 drivers
v000001c5978d8600_0 .net "ha1_cout", 0 0, L_000001c59794bcb0;  1 drivers
v000001c5978d86a0_0 .net "sum", 0 0, L_000001c5978dc700;  alias, 1 drivers
S_000001c59788ec60 .scope module, "ha0" "half_adder" 5 13, 6 1 0, S_000001c59783d080;
 .timescale 0 0;
    .port_info 0 /INPUT 1 "a";
    .port_info 1 /INPUT 1 "b";
    .port_info 2 /OUTPUT 1 "sum";
    .port_info 3 /OUTPUT 1 "cout";
L_000001c5978dd0a0 .functor XOR 1, L_000001c59794c110, L_000001c59794a1d0, C4<0>, C4<0>;
v000001c5978d7fc0_0 .net "a", 0 0, L_000001c59794c110;  alias, 1 drivers
v000001c5978d8e20_0 .net "b", 0 0, L_000001c59794a1d0;  alias, 1 drivers
v000001c5978d9140_0 .net "cout", 0 0, L_000001c59794b350;  alias, 1 drivers
v000001c5978d82e0_0 .net "sum", 0 0, L_000001c5978dd0a0;  alias, 1 drivers
L_000001c59794b350 .arith/mult 1, L_000001c59794c110, L_000001c59794a1d0;
S_000001c59788edf0 .scope module, "hf1" "half_adder" 5 22, 6 1 0, S_000001c59783d080;
 .timescale 0 0;
    .port_info 0 /INPUT 1 "a";
    .port_info 1 /INPUT 1 "b";
    .port_info 2 /OUTPUT 1 "sum";
    .port_info 3 /OUTPUT 1 "cout";
L_000001c5978dc700 .functor XOR 1, o000001c5978e10b8, L_000001c5978dd0a0, C4<0>, C4<0>;
v000001c5978d9280_0 .net "a", 0 0, o000001c5978e10b8;  alias, 0 drivers
v000001c5978d90a0_0 .net "b", 0 0, L_000001c5978dd0a0;  alias, 1 drivers
v000001c5978d9320_0 .net "cout", 0 0, L_000001c59794bcb0;  alias, 1 drivers
v000001c5978d9460_0 .net "sum", 0 0, L_000001c5978dc700;  alias, 1 drivers
L_000001c59794bcb0 .arith/mult 1, o000001c5978e10b8, L_000001c5978dd0a0;
S_000001c5978525d0 .scope module, "fa1" "full_adder" 4 27, 5 2 0, S_000001c59783cef0;
 .timescale 0 0;
    .port_info 0 /INPUT 1 "a";
    .port_info 1 /INPUT 1 "b";
    .port_info 2 /INPUT 1 "cin";
    .port_info 3 /OUTPUT 1 "sum";
    .port_info 4 /OUTPUT 1 "cout";
L_000001c5978dd2d0 .functor OR 1, L_000001c59794bf30, L_000001c59794a3b0, C4<0>, C4<0>;
v000001c597936440_0 .net "a", 0 0, L_000001c59794aa90;  1 drivers
v000001c597935680_0 .net "b", 0 0, L_000001c59794aef0;  1 drivers
v000001c597935220_0 .net "cin", 0 0, L_000001c5978dc9a0;  alias, 1 drivers
v000001c597936e40_0 .net "cout", 0 0, L_000001c5978dd2d0;  alias, 1 drivers
v000001c597936b20_0 .net "ha0_cout", 0 0, L_000001c59794a3b0;  1 drivers
v000001c597936bc0_0 .net "ha0_sum", 0 0, L_000001c5978dca10;  1 drivers
v000001c5979369e0_0 .net "ha1_cout", 0 0, L_000001c59794bf30;  1 drivers
v000001c5979352c0_0 .net "sum", 0 0, L_000001c5978dcfc0;  alias, 1 drivers
S_000001c597852760 .scope module, "ha0" "half_adder" 5 13, 6 1 0, S_000001c5978525d0;
 .timescale 0 0;
    .port_info 0 /INPUT 1 "a";
    .port_info 1 /INPUT 1 "b";
    .port_info 2 /OUTPUT 1 "sum";
    .port_info 3 /OUTPUT 1 "cout";
L_000001c5978dca10 .functor XOR 1, L_000001c59794aa90, L_000001c59794aef0, C4<0>, C4<0>;
v000001c5978d8740_0 .net "a", 0 0, L_000001c59794aa90;  alias, 1 drivers
v000001c5978d8880_0 .net "b", 0 0, L_000001c59794aef0;  alias, 1 drivers
v000001c597936a80_0 .net "cout", 0 0, L_000001c59794a3b0;  alias, 1 drivers
v000001c5979361c0_0 .net "sum", 0 0, L_000001c5978dca10;  alias, 1 drivers
L_000001c59794a3b0 .arith/mult 1, L_000001c59794aa90, L_000001c59794aef0;
S_000001c5978528f0 .scope module, "hf1" "half_adder" 5 22, 6 1 0, S_000001c5978525d0;
 .timescale 0 0;
    .port_info 0 /INPUT 1 "a";
    .port_info 1 /INPUT 1 "b";
    .port_info 2 /OUTPUT 1 "sum";
    .port_info 3 /OUTPUT 1 "cout";
L_000001c5978dcfc0 .functor XOR 1, L_000001c5978dc9a0, L_000001c5978dca10, C4<0>, C4<0>;
v000001c597935720_0 .net "a", 0 0, L_000001c5978dc9a0;  alias, 1 drivers
v000001c597935180_0 .net "b", 0 0, L_000001c5978dca10;  alias, 1 drivers
v000001c597936800_0 .net "cout", 0 0, L_000001c59794bf30;  alias, 1 drivers
v000001c5979363a0_0 .net "sum", 0 0, L_000001c5978dcfc0;  alias, 1 drivers
L_000001c59794bf30 .arith/mult 1, L_000001c5978dc9a0, L_000001c5978dca10;
S_000001c5978c3d50 .scope module, "fa2" "full_adder" 4 35, 5 2 0, S_000001c59783cef0;
 .timescale 0 0;
    .port_info 0 /INPUT 1 "a";
    .port_info 1 /INPUT 1 "b";
    .port_info 2 /INPUT 1 "cin";
    .port_info 3 /OUTPUT 1 "sum";
    .port_info 4 /OUTPUT 1 "cout";
L_000001c5978dca80 .functor OR 1, L_000001c59794bfd0, L_000001c59794a590, C4<0>, C4<0>;
v000001c597936620_0 .net "a", 0 0, L_000001c59794ad10;  1 drivers
v000001c597936d00_0 .net "b", 0 0, L_000001c59794c2f0;  1 drivers
v000001c597935f40_0 .net "cin", 0 0, L_000001c5978dd2d0;  alias, 1 drivers
v000001c597935ea0_0 .net "cout", 0 0, L_000001c5978dca80;  alias, 1 drivers
v000001c597935fe0_0 .net "ha0_cout", 0 0, L_000001c59794a590;  1 drivers
v000001c597935cc0_0 .net "ha0_sum", 0 0, L_000001c5978dd260;  1 drivers
v000001c597936080_0 .net "ha1_cout", 0 0, L_000001c59794bfd0;  1 drivers
v000001c5979355e0_0 .net "sum", 0 0, L_000001c5978dc8c0;  alias, 1 drivers
S_000001c5978c3ee0 .scope module, "ha0" "half_adder" 5 13, 6 1 0, S_000001c5978c3d50;
 .timescale 0 0;
    .port_info 0 /INPUT 1 "a";
    .port_info 1 /INPUT 1 "b";
    .port_info 2 /OUTPUT 1 "sum";
    .port_info 3 /OUTPUT 1 "cout";
L_000001c5978dd260 .functor XOR 1, L_000001c59794ad10, L_000001c59794c2f0, C4<0>, C4<0>;
v000001c5979354a0_0 .net "a", 0 0, L_000001c59794ad10;  alias, 1 drivers
v000001c597936300_0 .net "b", 0 0, L_000001c59794c2f0;  alias, 1 drivers
v000001c5979364e0_0 .net "cout", 0 0, L_000001c59794a590;  alias, 1 drivers
v000001c597936c60_0 .net "sum", 0 0, L_000001c5978dd260;  alias, 1 drivers
L_000001c59794a590 .arith/mult 1, L_000001c59794ad10, L_000001c59794c2f0;
S_000001c5978c4070 .scope module, "hf1" "half_adder" 5 22, 6 1 0, S_000001c5978c3d50;
 .timescale 0 0;
    .port_info 0 /INPUT 1 "a";
    .port_info 1 /INPUT 1 "b";
    .port_info 2 /OUTPUT 1 "sum";
    .port_info 3 /OUTPUT 1 "cout";
L_000001c5978dc8c0 .functor XOR 1, L_000001c5978dd2d0, L_000001c5978dd260, C4<0>, C4<0>;
v000001c597936940_0 .net "a", 0 0, L_000001c5978dd2d0;  alias, 1 drivers
v000001c5979357c0_0 .net "b", 0 0, L_000001c5978dd260;  alias, 1 drivers
v000001c597936580_0 .net "cout", 0 0, L_000001c59794bfd0;  alias, 1 drivers
v000001c597935040_0 .net "sum", 0 0, L_000001c5978dc8c0;  alias, 1 drivers
L_000001c59794bfd0 .arith/mult 1, L_000001c5978dd2d0, L_000001c5978dd260;
S_000001c5978c4200 .scope module, "fa3" "full_adder" 4 43, 5 2 0, S_000001c59783cef0;
 .timescale 0 0;
    .port_info 0 /INPUT 1 "a";
    .port_info 1 /INPUT 1 "b";
    .port_info 2 /INPUT 1 "cin";
    .port_info 3 /OUTPUT 1 "sum";
    .port_info 4 /OUTPUT 1 "cout";
L_000001c5978dd110 .functor OR 1, L_000001c59794a6d0, L_000001c59794ae50, C4<0>, C4<0>;
v000001c597936760_0 .net "a", 0 0, L_000001c59794b210;  1 drivers
v000001c597935d60_0 .net "b", 0 0, L_000001c59794c4d0;  1 drivers
v000001c597936ee0_0 .net "cin", 0 0, L_000001c5978dca80;  alias, 1 drivers
v000001c597935400_0 .net "cout", 0 0, L_000001c5978dd110;  alias, 1 drivers
v000001c597935c20_0 .net "ha0_cout", 0 0, L_000001c59794ae50;  1 drivers
v000001c5979359a0_0 .net "ha0_sum", 0 0, L_000001c5978dd420;  1 drivers
v000001c597935a40_0 .net "ha1_cout", 0 0, L_000001c59794a6d0;  1 drivers
v000001c597935ae0_0 .net "sum", 0 0, L_000001c5978dcee0;  alias, 1 drivers
S_000001c5978c4390 .scope module, "ha0" "half_adder" 5 13, 6 1 0, S_000001c5978c4200;
 .timescale 0 0;
    .port_info 0 /INPUT 1 "a";
    .port_info 1 /INPUT 1 "b";
    .port_info 2 /OUTPUT 1 "sum";
    .port_info 3 /OUTPUT 1 "cout";
L_000001c5978dd420 .functor XOR 1, L_000001c59794b210, L_000001c59794c4d0, C4<0>, C4<0>;
v000001c597935360_0 .net "a", 0 0, L_000001c59794b210;  alias, 1 drivers
v000001c597935540_0 .net "b", 0 0, L_000001c59794c4d0;  alias, 1 drivers
v000001c5979368a0_0 .net "cout", 0 0, L_000001c59794ae50;  alias, 1 drivers
v000001c5979350e0_0 .net "sum", 0 0, L_000001c5978dd420;  alias, 1 drivers
L_000001c59794ae50 .arith/mult 1, L_000001c59794b210, L_000001c59794c4d0;
S_000001c5978c4520 .scope module, "hf1" "half_adder" 5 22, 6 1 0, S_000001c5978c4200;
 .timescale 0 0;
    .port_info 0 /INPUT 1 "a";
    .port_info 1 /INPUT 1 "b";
    .port_info 2 /OUTPUT 1 "sum";
    .port_info 3 /OUTPUT 1 "cout";
L_000001c5978dcee0 .functor XOR 1, L_000001c5978dca80, L_000001c5978dd420, C4<0>, C4<0>;
v000001c597936da0_0 .net "a", 0 0, L_000001c5978dca80;  alias, 1 drivers
v000001c597935860_0 .net "b", 0 0, L_000001c5978dd420;  alias, 1 drivers
v000001c5979366c0_0 .net "cout", 0 0, L_000001c59794a6d0;  alias, 1 drivers
v000001c597935900_0 .net "sum", 0 0, L_000001c5978dcee0;  alias, 1 drivers
L_000001c59794a6d0 .arith/mult 1, L_000001c5978dca80, L_000001c5978dd420;
S_000001c5978c46b0 .scope module, "rca41" "ripple_carry_adder_4" 3 23, 4 2 0, S_000001c59788a5c0;
 .timescale 0 0;
    .port_info 0 /INPUT 4 "a";
    .port_info 1 /INPUT 4 "b";
    .port_info 2 /INPUT 1 "cin";
    .port_info 3 /OUTPUT 1 "cout";
    .port_info 4 /OUTPUT 4 "sum";
L_000001c59793ddb0 .functor BUFZ 1, L_000001c5978dce70, C4<0>, C4<0>, C4<0>;
v000001c59793ae00_0 .net "a", 3 0, L_000001c59794b8f0;  1 drivers
v000001c59793aa40_0 .net "b", 3 0, L_000001c59794c390;  1 drivers
v000001c59793aae0_0 .net "cin", 0 0, L_000001c5978dd340;  alias, 1 drivers
v000001c59793ab80_0 .net "cout", 0 0, L_000001c59793ddb0;  alias, 1 drivers
v000001c5979395a0_0 .net "fa0_cout", 0 0, L_000001c5978dcc40;  1 drivers
v000001c59793a040_0 .net "fa0_sum", 0 0, L_000001c5978dcb60;  1 drivers
v000001c597939a00_0 .net "fa1_cout", 0 0, L_000001c5978dd490;  1 drivers
v000001c59793a7c0_0 .net "fa1_sum", 0 0, L_000001c5978dcbd0;  1 drivers
v000001c597939640_0 .net "fa2_cout", 0 0, L_000001c5978dcd20;  1 drivers
v000001c597939aa0_0 .net "fa2_sum", 0 0, L_000001c5978dc690;  1 drivers
v000001c59793b300_0 .net "fa3_cout", 0 0, L_000001c5978dce70;  1 drivers
v000001c59793a360_0 .net "fa3_sum", 0 0, L_000001c5978dce00;  1 drivers
v000001c59793a0e0_0 .net "sum", 3 0, L_000001c59794c890;  alias, 1 drivers
L_000001c59794bd50 .part L_000001c59794b8f0, 0, 1;
L_000001c59794b850 .part L_000001c59794c390, 0, 1;
L_000001c59794b030 .part L_000001c59794b8f0, 1, 1;
L_000001c59794ab30 .part L_000001c59794c390, 1, 1;
L_000001c59794a8b0 .part L_000001c59794b8f0, 2, 1;
L_000001c59794c070 .part L_000001c59794c390, 2, 1;
L_000001c59794b170 .part L_000001c59794b8f0, 3, 1;
L_000001c59794bdf0 .part L_000001c59794c390, 3, 1;
L_000001c59794c890 .concat [ 1 1 1 1], L_000001c5978dcb60, L_000001c5978dcbd0, L_000001c5978dc690, L_000001c5978dce00;
S_000001c5978c4840 .scope module, "fa0" "full_adder" 4 19, 5 2 0, S_000001c5978c46b0;
 .timescale 0 0;
    .port_info 0 /INPUT 1 "a";
    .port_info 1 /INPUT 1 "b";
    .port_info 2 /INPUT 1 "cin";
    .port_info 3 /OUTPUT 1 "sum";
    .port_info 4 /OUTPUT 1 "cout";
L_000001c5978dcc40 .functor OR 1, L_000001c59794af90, L_000001c59794b670, C4<0>, C4<0>;
v000001c597937b90_0 .net "a", 0 0, L_000001c59794bd50;  1 drivers
v000001c5979383b0_0 .net "b", 0 0, L_000001c59794b850;  1 drivers
v000001c597937730_0 .net "cin", 0 0, L_000001c5978dd340;  alias, 1 drivers
v000001c5979388b0_0 .net "cout", 0 0, L_000001c5978dcc40;  alias, 1 drivers
v000001c5979379b0_0 .net "ha0_cout", 0 0, L_000001c59794b670;  1 drivers
v000001c597937410_0 .net "ha0_sum", 0 0, L_000001c5978dcaf0;  1 drivers
v000001c597937190_0 .net "ha1_cout", 0 0, L_000001c59794af90;  1 drivers
v000001c597938ef0_0 .net "sum", 0 0, L_000001c5978dcb60;  alias, 1 drivers
S_000001c5978d3d70 .scope module, "ha0" "half_adder" 5 13, 6 1 0, S_000001c5978c4840;
 .timescale 0 0;
    .port_info 0 /INPUT 1 "a";
    .port_info 1 /INPUT 1 "b";
    .port_info 2 /OUTPUT 1 "sum";
    .port_info 3 /OUTPUT 1 "cout";
L_000001c5978dcaf0 .functor XOR 1, L_000001c59794bd50, L_000001c59794b850, C4<0>, C4<0>;
v000001c5979370f0_0 .net "a", 0 0, L_000001c59794bd50;  alias, 1 drivers
v000001c597938bd0_0 .net "b", 0 0, L_000001c59794b850;  alias, 1 drivers
v000001c597938310_0 .net "cout", 0 0, L_000001c59794b670;  alias, 1 drivers
v000001c597937690_0 .net "sum", 0 0, L_000001c5978dcaf0;  alias, 1 drivers
L_000001c59794b670 .arith/mult 1, L_000001c59794bd50, L_000001c59794b850;
S_000001c5978d38c0 .scope module, "hf1" "half_adder" 5 22, 6 1 0, S_000001c5978c4840;
 .timescale 0 0;
    .port_info 0 /INPUT 1 "a";
    .port_info 1 /INPUT 1 "b";
    .port_info 2 /OUTPUT 1 "sum";
    .port_info 3 /OUTPUT 1 "cout";
L_000001c5978dcb60 .functor XOR 1, L_000001c5978dd340, L_000001c5978dcaf0, C4<0>, C4<0>;
v000001c597937870_0 .net "a", 0 0, L_000001c5978dd340;  alias, 1 drivers
v000001c597938450_0 .net "b", 0 0, L_000001c5978dcaf0;  alias, 1 drivers
v000001c597938590_0 .net "cout", 0 0, L_000001c59794af90;  alias, 1 drivers
v000001c597938270_0 .net "sum", 0 0, L_000001c5978dcb60;  alias, 1 drivers
L_000001c59794af90 .arith/mult 1, L_000001c5978dd340, L_000001c5978dcaf0;
S_000001c5978d3a50 .scope module, "fa1" "full_adder" 4 27, 5 2 0, S_000001c5978c46b0;
 .timescale 0 0;
    .port_info 0 /INPUT 1 "a";
    .port_info 1 /INPUT 1 "b";
    .port_info 2 /INPUT 1 "cin";
    .port_info 3 /OUTPUT 1 "sum";
    .port_info 4 /OUTPUT 1 "cout";
L_000001c5978dd490 .functor OR 1, L_000001c59794ba30, L_000001c59794b710, C4<0>, C4<0>;
v000001c597938130_0 .net "a", 0 0, L_000001c59794b030;  1 drivers
v000001c597938630_0 .net "b", 0 0, L_000001c59794ab30;  1 drivers
v000001c597937cd0_0 .net "cin", 0 0, L_000001c5978dcc40;  alias, 1 drivers
v000001c597938c70_0 .net "cout", 0 0, L_000001c5978dd490;  alias, 1 drivers
v000001c5979386d0_0 .net "ha0_cout", 0 0, L_000001c59794b710;  1 drivers
v000001c597937d70_0 .net "ha0_sum", 0 0, L_000001c5978dd180;  1 drivers
v000001c597938950_0 .net "ha1_cout", 0 0, L_000001c59794ba30;  1 drivers
v000001c597937eb0_0 .net "sum", 0 0, L_000001c5978dcbd0;  alias, 1 drivers
S_000001c5978d35a0 .scope module, "ha0" "half_adder" 5 13, 6 1 0, S_000001c5978d3a50;
 .timescale 0 0;
    .port_info 0 /INPUT 1 "a";
    .port_info 1 /INPUT 1 "b";
    .port_info 2 /OUTPUT 1 "sum";
    .port_info 3 /OUTPUT 1 "cout";
L_000001c5978dd180 .functor XOR 1, L_000001c59794b030, L_000001c59794ab30, C4<0>, C4<0>;
v000001c597938770_0 .net "a", 0 0, L_000001c59794b030;  alias, 1 drivers
v000001c5979372d0_0 .net "b", 0 0, L_000001c59794ab30;  alias, 1 drivers
v000001c5979377d0_0 .net "cout", 0 0, L_000001c59794b710;  alias, 1 drivers
v000001c597937910_0 .net "sum", 0 0, L_000001c5978dd180;  alias, 1 drivers
L_000001c59794b710 .arith/mult 1, L_000001c59794b030, L_000001c59794ab30;
S_000001c5978d4090 .scope module, "hf1" "half_adder" 5 22, 6 1 0, S_000001c5978d3a50;
 .timescale 0 0;
    .port_info 0 /INPUT 1 "a";
    .port_info 1 /INPUT 1 "b";
    .port_info 2 /OUTPUT 1 "sum";
    .port_info 3 /OUTPUT 1 "cout";
L_000001c5978dcbd0 .functor XOR 1, L_000001c5978dcc40, L_000001c5978dd180, C4<0>, C4<0>;
v000001c5979374b0_0 .net "a", 0 0, L_000001c5978dcc40;  alias, 1 drivers
v000001c597938810_0 .net "b", 0 0, L_000001c5978dd180;  alias, 1 drivers
v000001c597937a50_0 .net "cout", 0 0, L_000001c59794ba30;  alias, 1 drivers
v000001c597937c30_0 .net "sum", 0 0, L_000001c5978dcbd0;  alias, 1 drivers
L_000001c59794ba30 .arith/mult 1, L_000001c5978dcc40, L_000001c5978dd180;
S_000001c5978d3730 .scope module, "fa2" "full_adder" 4 35, 5 2 0, S_000001c5978c46b0;
 .timescale 0 0;
    .port_info 0 /INPUT 1 "a";
    .port_info 1 /INPUT 1 "b";
    .port_info 2 /INPUT 1 "cin";
    .port_info 3 /OUTPUT 1 "sum";
    .port_info 4 /OUTPUT 1 "cout";
L_000001c5978dcd20 .functor OR 1, L_000001c59794a770, L_000001c59794c610, C4<0>, C4<0>;
v000001c597938db0_0 .net "a", 0 0, L_000001c59794a8b0;  1 drivers
v000001c59793acc0_0 .net "b", 0 0, L_000001c59794c070;  1 drivers
v000001c597939780_0 .net "cin", 0 0, L_000001c5978dd490;  alias, 1 drivers
v000001c5979396e0_0 .net "cout", 0 0, L_000001c5978dcd20;  alias, 1 drivers
v000001c59793a220_0 .net "ha0_cout", 0 0, L_000001c59794c610;  1 drivers
v000001c59793b260_0 .net "ha0_sum", 0 0, L_000001c5978dcf50;  1 drivers
v000001c597939c80_0 .net "ha1_cout", 0 0, L_000001c59794a770;  1 drivers
v000001c59793a180_0 .net "sum", 0 0, L_000001c5978dc690;  alias, 1 drivers
S_000001c5978d3be0 .scope module, "ha0" "half_adder" 5 13, 6 1 0, S_000001c5978d3730;
 .timescale 0 0;
    .port_info 0 /INPUT 1 "a";
    .port_info 1 /INPUT 1 "b";
    .port_info 2 /OUTPUT 1 "sum";
    .port_info 3 /OUTPUT 1 "cout";
L_000001c5978dcf50 .functor XOR 1, L_000001c59794a8b0, L_000001c59794c070, C4<0>, C4<0>;
v000001c597937f50_0 .net "a", 0 0, L_000001c59794a8b0;  alias, 1 drivers
v000001c597937ff0_0 .net "b", 0 0, L_000001c59794c070;  alias, 1 drivers
v000001c597938090_0 .net "cout", 0 0, L_000001c59794c610;  alias, 1 drivers
v000001c5979381d0_0 .net "sum", 0 0, L_000001c5978dcf50;  alias, 1 drivers
L_000001c59794c610 .arith/mult 1, L_000001c59794a8b0, L_000001c59794c070;
S_000001c5978d3f00 .scope module, "hf1" "half_adder" 5 22, 6 1 0, S_000001c5978d3730;
 .timescale 0 0;
    .port_info 0 /INPUT 1 "a";
    .port_info 1 /INPUT 1 "b";
    .port_info 2 /OUTPUT 1 "sum";
    .port_info 3 /OUTPUT 1 "cout";
L_000001c5978dc690 .functor XOR 1, L_000001c5978dd490, L_000001c5978dcf50, C4<0>, C4<0>;
v000001c5979389f0_0 .net "a", 0 0, L_000001c5978dd490;  alias, 1 drivers
v000001c597938a90_0 .net "b", 0 0, L_000001c5978dcf50;  alias, 1 drivers
v000001c597938b30_0 .net "cout", 0 0, L_000001c59794a770;  alias, 1 drivers
v000001c597938d10_0 .net "sum", 0 0, L_000001c5978dc690;  alias, 1 drivers
L_000001c59794a770 .arith/mult 1, L_000001c5978dd490, L_000001c5978dcf50;
S_000001c5978d4220 .scope module, "fa3" "full_adder" 4 43, 5 2 0, S_000001c5978c46b0;
 .timescale 0 0;
    .port_info 0 /INPUT 1 "a";
    .port_info 1 /INPUT 1 "b";
    .port_info 2 /INPUT 1 "cin";
    .port_info 3 /OUTPUT 1 "sum";
    .port_info 4 /OUTPUT 1 "cout";
L_000001c5978dce70 .functor OR 1, L_000001c59794a130, L_000001c59794bad0, C4<0>, C4<0>;
v000001c59793a4a0_0 .net "a", 0 0, L_000001c59794b170;  1 drivers
v000001c597939500_0 .net "b", 0 0, L_000001c59794bdf0;  1 drivers
v000001c59793b080_0 .net "cin", 0 0, L_000001c5978dcd20;  alias, 1 drivers
v000001c59793a720_0 .net "cout", 0 0, L_000001c5978dce70;  alias, 1 drivers
v000001c59793a860_0 .net "ha0_cout", 0 0, L_000001c59794bad0;  1 drivers
v000001c59793a9a0_0 .net "ha0_sum", 0 0, L_000001c5978dc770;  1 drivers
v000001c597939960_0 .net "ha1_cout", 0 0, L_000001c59794a130;  1 drivers
v000001c59793a680_0 .net "sum", 0 0, L_000001c5978dce00;  alias, 1 drivers
S_000001c5978d43b0 .scope module, "ha0" "half_adder" 5 13, 6 1 0, S_000001c5978d4220;
 .timescale 0 0;
    .port_info 0 /INPUT 1 "a";
    .port_info 1 /INPUT 1 "b";
    .port_info 2 /OUTPUT 1 "sum";
    .port_info 3 /OUTPUT 1 "cout";
L_000001c5978dc770 .functor XOR 1, L_000001c59794b170, L_000001c59794bdf0, C4<0>, C4<0>;
v000001c59793ad60_0 .net "a", 0 0, L_000001c59794b170;  alias, 1 drivers
v000001c597939820_0 .net "b", 0 0, L_000001c59794bdf0;  alias, 1 drivers
v000001c59793a900_0 .net "cout", 0 0, L_000001c59794bad0;  alias, 1 drivers
v000001c59793afe0_0 .net "sum", 0 0, L_000001c5978dc770;  alias, 1 drivers
L_000001c59794bad0 .arith/mult 1, L_000001c59794b170, L_000001c59794bdf0;
S_000001c59793c410 .scope module, "hf1" "half_adder" 5 22, 6 1 0, S_000001c5978d4220;
 .timescale 0 0;
    .port_info 0 /INPUT 1 "a";
    .port_info 1 /INPUT 1 "b";
    .port_info 2 /OUTPUT 1 "sum";
    .port_info 3 /OUTPUT 1 "cout";
L_000001c5978dce00 .functor XOR 1, L_000001c5978dcd20, L_000001c5978dc770, C4<0>, C4<0>;
v000001c5979398c0_0 .net "a", 0 0, L_000001c5978dcd20;  alias, 1 drivers
v000001c597939460_0 .net "b", 0 0, L_000001c5978dc770;  alias, 1 drivers
v000001c597939fa0_0 .net "cout", 0 0, L_000001c59794a130;  alias, 1 drivers
v000001c597939d20_0 .net "sum", 0 0, L_000001c5978dce00;  alias, 1 drivers
L_000001c59794a130 .arith/mult 1, L_000001c5978dcd20, L_000001c5978dc770;
S_000001c59793c730 .scope module, "rca81" "ripple_carry_adder_8" 2 24, 3 3 0, S_000001c59788a430;
 .timescale 0 0;
    .port_info 0 /INPUT 8 "a";
    .port_info 1 /INPUT 8 "b";
    .port_info 2 /INPUT 1 "cin";
    .port_info 3 /OUTPUT 1 "cout";
    .port_info 4 /OUTPUT 8 "sum";
L_000001c59793dbf0 .functor BUFZ 1, L_000001c59793df00, C4<0>, C4<0>, C4<0>;
v000001c597948ed0_0 .net "a", 7 0, L_000001c59794dd30;  1 drivers
v000001c59794adb0_0 .net "b", 7 0, L_000001c59794cbb0;  1 drivers
v000001c59794c430_0 .net "cin", 0 0, L_000001c59793da30;  alias, 1 drivers
v000001c59794b530_0 .net "cout", 0 0, L_000001c59793dbf0;  alias, 1 drivers
v000001c59794bc10_0 .net "rca40_cout", 0 0, L_000001c59793e2f0;  1 drivers
v000001c59794c570_0 .net "rca40_sum", 3 0, L_000001c59794ced0;  1 drivers
v000001c59794a310_0 .net "rca41_cout", 0 0, L_000001c59793df00;  1 drivers
v000001c59794c250_0 .net "rca41_sum", 3 0, L_000001c59794de70;  1 drivers
v000001c59794bb70_0 .net "sum", 7 0, L_000001c59794df10;  alias, 1 drivers
L_000001c59794c930 .part L_000001c59794dd30, 0, 4;
L_000001c59794db50 .part L_000001c59794cbb0, 0, 4;
L_000001c59794d970 .part L_000001c59794dd30, 4, 4;
L_000001c59794dc90 .part L_000001c59794cbb0, 4, 4;
L_000001c59794df10 .concat [ 4 4 0 0], L_000001c59794ced0, L_000001c59794de70;
S_000001c59793c0f0 .scope module, "rca40" "ripple_carry_adder_4" 3 16, 4 2 0, S_000001c59793c730;
 .timescale 0 0;
    .port_info 0 /INPUT 4 "a";
    .port_info 1 /INPUT 4 "b";
    .port_info 2 /INPUT 1 "cin";
    .port_info 3 /OUTPUT 1 "cout";
    .port_info 4 /OUTPUT 4 "sum";
L_000001c59793e2f0 .functor BUFZ 1, L_000001c59793d790, C4<0>, C4<0>, C4<0>;
v000001c5979424a0_0 .net "a", 3 0, L_000001c59794c930;  1 drivers
v000001c597943a80_0 .net "b", 3 0, L_000001c59794db50;  1 drivers
v000001c597943bc0_0 .net "cin", 0 0, L_000001c59793da30;  alias, 1 drivers
v000001c5979439e0_0 .net "cout", 0 0, L_000001c59793e2f0;  alias, 1 drivers
v000001c597943580_0 .net "fa0_cout", 0 0, L_000001c59793d8e0;  1 drivers
v000001c597943b20_0 .net "fa0_sum", 0 0, L_000001c59793df70;  1 drivers
v000001c5979433a0_0 .net "fa1_cout", 0 0, L_000001c59793dc60;  1 drivers
v000001c5979420e0_0 .net "fa1_sum", 0 0, L_000001c59793e130;  1 drivers
v000001c597942180_0 .net "fa2_cout", 0 0, L_000001c59793daa0;  1 drivers
v000001c597942860_0 .net "fa2_sum", 0 0, L_000001c59793d6b0;  1 drivers
v000001c5979436c0_0 .net "fa3_cout", 0 0, L_000001c59793d790;  1 drivers
v000001c597942680_0 .net "fa3_sum", 0 0, L_000001c59793d560;  1 drivers
v000001c597943e40_0 .net "sum", 3 0, L_000001c59794ced0;  alias, 1 drivers
L_000001c59794a9f0 .part L_000001c59794c930, 0, 1;
L_000001c59794c1b0 .part L_000001c59794db50, 0, 1;
L_000001c59794ccf0 .part L_000001c59794c930, 1, 1;
L_000001c59794cd90 .part L_000001c59794db50, 1, 1;
L_000001c59794ce30 .part L_000001c59794c930, 2, 1;
L_000001c59794dab0 .part L_000001c59794db50, 2, 1;
L_000001c59794d1f0 .part L_000001c59794c930, 3, 1;
L_000001c59794d150 .part L_000001c59794db50, 3, 1;
L_000001c59794ced0 .concat [ 1 1 1 1], L_000001c59793df70, L_000001c59793e130, L_000001c59793d6b0, L_000001c59793d560;
S_000001c59793b790 .scope module, "fa0" "full_adder" 4 19, 5 2 0, S_000001c59793c0f0;
 .timescale 0 0;
    .port_info 0 /INPUT 1 "a";
    .port_info 1 /INPUT 1 "b";
    .port_info 2 /INPUT 1 "cin";
    .port_info 3 /OUTPUT 1 "sum";
    .port_info 4 /OUTPUT 1 "cout";
L_000001c59793d8e0 .functor OR 1, L_000001c59794a4f0, L_000001c59794a270, C4<0>, C4<0>;
v000001c597940170_0 .net "a", 0 0, L_000001c59794a9f0;  1 drivers
v000001c597940fd0_0 .net "b", 0 0, L_000001c59794c1b0;  1 drivers
v000001c597941570_0 .net "cin", 0 0, L_000001c59793da30;  alias, 1 drivers
v000001c5979402b0_0 .net "cout", 0 0, L_000001c59793d8e0;  alias, 1 drivers
v000001c5979416b0_0 .net "ha0_cout", 0 0, L_000001c59794a270;  1 drivers
v000001c597941890_0 .net "ha0_sum", 0 0, L_000001c59793d870;  1 drivers
v000001c5979417f0_0 .net "ha1_cout", 0 0, L_000001c59794a4f0;  1 drivers
v000001c597941cf0_0 .net "sum", 0 0, L_000001c59793df70;  alias, 1 drivers
S_000001c59793c5a0 .scope module, "ha0" "half_adder" 5 13, 6 1 0, S_000001c59793b790;
 .timescale 0 0;
    .port_info 0 /INPUT 1 "a";
    .port_info 1 /INPUT 1 "b";
    .port_info 2 /OUTPUT 1 "sum";
    .port_info 3 /OUTPUT 1 "cout";
L_000001c59793d870 .functor XOR 1, L_000001c59794a9f0, L_000001c59794c1b0, C4<0>, C4<0>;
v000001c59793af40_0 .net "a", 0 0, L_000001c59794a9f0;  alias, 1 drivers
v000001c59793b1c0_0 .net "b", 0 0, L_000001c59794c1b0;  alias, 1 drivers
v000001c597939be0_0 .net "cout", 0 0, L_000001c59794a270;  alias, 1 drivers
v000001c59793b120_0 .net "sum", 0 0, L_000001c59793d870;  alias, 1 drivers
L_000001c59794a270 .arith/mult 1, L_000001c59794a9f0, L_000001c59794c1b0;
S_000001c59793d220 .scope module, "hf1" "half_adder" 5 22, 6 1 0, S_000001c59793b790;
 .timescale 0 0;
    .port_info 0 /INPUT 1 "a";
    .port_info 1 /INPUT 1 "b";
    .port_info 2 /OUTPUT 1 "sum";
    .port_info 3 /OUTPUT 1 "cout";
L_000001c59793df70 .functor XOR 1, L_000001c59793da30, L_000001c59793d870, C4<0>, C4<0>;
v000001c59793a5e0_0 .net "a", 0 0, L_000001c59793da30;  alias, 1 drivers
v000001c597941c50_0 .net "b", 0 0, L_000001c59793d870;  alias, 1 drivers
v000001c597941a70_0 .net "cout", 0 0, L_000001c59794a4f0;  alias, 1 drivers
v000001c597940530_0 .net "sum", 0 0, L_000001c59793df70;  alias, 1 drivers
L_000001c59794a4f0 .arith/mult 1, L_000001c59793da30, L_000001c59793d870;
S_000001c59793c280 .scope module, "fa1" "full_adder" 4 27, 5 2 0, S_000001c59793c0f0;
 .timescale 0 0;
    .port_info 0 /INPUT 1 "a";
    .port_info 1 /INPUT 1 "b";
    .port_info 2 /INPUT 1 "cin";
    .port_info 3 /OUTPUT 1 "sum";
    .port_info 4 /OUTPUT 1 "cout";
L_000001c59793dc60 .functor OR 1, L_000001c59794ac70, L_000001c59794c7f0, C4<0>, C4<0>;
v000001c5979419d0_0 .net "a", 0 0, L_000001c59794ccf0;  1 drivers
v000001c597941bb0_0 .net "b", 0 0, L_000001c59794cd90;  1 drivers
v000001c597941750_0 .net "cin", 0 0, L_000001c59793d8e0;  alias, 1 drivers
v000001c597941070_0 .net "cout", 0 0, L_000001c59793dc60;  alias, 1 drivers
v000001c597940a30_0 .net "ha0_cout", 0 0, L_000001c59794c7f0;  1 drivers
v000001c5979411b0_0 .net "ha0_sum", 0 0, L_000001c59793d4f0;  1 drivers
v000001c597940cb0_0 .net "ha1_cout", 0 0, L_000001c59794ac70;  1 drivers
v000001c597940210_0 .net "sum", 0 0, L_000001c59793e130;  alias, 1 drivers
S_000001c59793c8c0 .scope module, "ha0" "half_adder" 5 13, 6 1 0, S_000001c59793c280;
 .timescale 0 0;
    .port_info 0 /INPUT 1 "a";
    .port_info 1 /INPUT 1 "b";
    .port_info 2 /OUTPUT 1 "sum";
    .port_info 3 /OUTPUT 1 "cout";
L_000001c59793d4f0 .functor XOR 1, L_000001c59794ccf0, L_000001c59794cd90, C4<0>, C4<0>;
v000001c597941930_0 .net "a", 0 0, L_000001c59794ccf0;  alias, 1 drivers
v000001c5979414d0_0 .net "b", 0 0, L_000001c59794cd90;  alias, 1 drivers
v000001c597940e90_0 .net "cout", 0 0, L_000001c59794c7f0;  alias, 1 drivers
v000001c597941d90_0 .net "sum", 0 0, L_000001c59793d4f0;  alias, 1 drivers
L_000001c59794c7f0 .arith/mult 1, L_000001c59794ccf0, L_000001c59794cd90;
S_000001c59793cd70 .scope module, "hf1" "half_adder" 5 22, 6 1 0, S_000001c59793c280;
 .timescale 0 0;
    .port_info 0 /INPUT 1 "a";
    .port_info 1 /INPUT 1 "b";
    .port_info 2 /OUTPUT 1 "sum";
    .port_info 3 /OUTPUT 1 "cout";
L_000001c59793e130 .functor XOR 1, L_000001c59793d8e0, L_000001c59793d4f0, C4<0>, C4<0>;
v000001c5979400d0_0 .net "a", 0 0, L_000001c59793d8e0;  alias, 1 drivers
v000001c597941b10_0 .net "b", 0 0, L_000001c59793d4f0;  alias, 1 drivers
v000001c597941f70_0 .net "cout", 0 0, L_000001c59794ac70;  alias, 1 drivers
v000001c5979407b0_0 .net "sum", 0 0, L_000001c59793e130;  alias, 1 drivers
L_000001c59794ac70 .arith/mult 1, L_000001c59793d8e0, L_000001c59793d4f0;
S_000001c59793cf00 .scope module, "fa2" "full_adder" 4 35, 5 2 0, S_000001c59793c0f0;
 .timescale 0 0;
    .port_info 0 /INPUT 1 "a";
    .port_info 1 /INPUT 1 "b";
    .port_info 2 /INPUT 1 "cin";
    .port_info 3 /OUTPUT 1 "sum";
    .port_info 4 /OUTPUT 1 "cout";
L_000001c59793daa0 .functor OR 1, L_000001c59794d3d0, L_000001c59794d650, C4<0>, C4<0>;
v000001c597941250_0 .net "a", 0 0, L_000001c59794ce30;  1 drivers
v000001c597940ad0_0 .net "b", 0 0, L_000001c59794dab0;  1 drivers
v000001c5979405d0_0 .net "cin", 0 0, L_000001c59793dc60;  alias, 1 drivers
v000001c5979412f0_0 .net "cout", 0 0, L_000001c59793daa0;  alias, 1 drivers
v000001c597940b70_0 .net "ha0_cout", 0 0, L_000001c59794d650;  1 drivers
v000001c597940c10_0 .net "ha0_sum", 0 0, L_000001c59793d640;  1 drivers
v000001c597940670_0 .net "ha1_cout", 0 0, L_000001c59794d3d0;  1 drivers
v000001c597940850_0 .net "sum", 0 0, L_000001c59793d6b0;  alias, 1 drivers
S_000001c59793ca50 .scope module, "ha0" "half_adder" 5 13, 6 1 0, S_000001c59793cf00;
 .timescale 0 0;
    .port_info 0 /INPUT 1 "a";
    .port_info 1 /INPUT 1 "b";
    .port_info 2 /OUTPUT 1 "sum";
    .port_info 3 /OUTPUT 1 "cout";
L_000001c59793d640 .functor XOR 1, L_000001c59794ce30, L_000001c59794dab0, C4<0>, C4<0>;
v000001c597941110_0 .net "a", 0 0, L_000001c59794ce30;  alias, 1 drivers
v000001c597940d50_0 .net "b", 0 0, L_000001c59794dab0;  alias, 1 drivers
v000001c597941e30_0 .net "cout", 0 0, L_000001c59794d650;  alias, 1 drivers
v000001c597940350_0 .net "sum", 0 0, L_000001c59793d640;  alias, 1 drivers
L_000001c59794d650 .arith/mult 1, L_000001c59794ce30, L_000001c59794dab0;
S_000001c59793cbe0 .scope module, "hf1" "half_adder" 5 22, 6 1 0, S_000001c59793cf00;
 .timescale 0 0;
    .port_info 0 /INPUT 1 "a";
    .port_info 1 /INPUT 1 "b";
    .port_info 2 /OUTPUT 1 "sum";
    .port_info 3 /OUTPUT 1 "cout";
L_000001c59793d6b0 .functor XOR 1, L_000001c59793dc60, L_000001c59793d640, C4<0>, C4<0>;
v000001c597940710_0 .net "a", 0 0, L_000001c59793dc60;  alias, 1 drivers
v000001c597941ed0_0 .net "b", 0 0, L_000001c59793d640;  alias, 1 drivers
v000001c5979403f0_0 .net "cout", 0 0, L_000001c59794d3d0;  alias, 1 drivers
v000001c597940490_0 .net "sum", 0 0, L_000001c59793d6b0;  alias, 1 drivers
L_000001c59794d3d0 .arith/mult 1, L_000001c59793dc60, L_000001c59793d640;
S_000001c59793bc40 .scope module, "fa3" "full_adder" 4 43, 5 2 0, S_000001c59793c0f0;
 .timescale 0 0;
    .port_info 0 /INPUT 1 "a";
    .port_info 1 /INPUT 1 "b";
    .port_info 2 /INPUT 1 "cin";
    .port_info 3 /OUTPUT 1 "sum";
    .port_info 4 /OUTPUT 1 "cout";
L_000001c59793d790 .functor OR 1, L_000001c59794d830, L_000001c59794d330, C4<0>, C4<0>;
v000001c5979422c0_0 .net "a", 0 0, L_000001c59794d1f0;  1 drivers
v000001c597943ee0_0 .net "b", 0 0, L_000001c59794d150;  1 drivers
v000001c597943940_0 .net "cin", 0 0, L_000001c59793daa0;  alias, 1 drivers
v000001c597942400_0 .net "cout", 0 0, L_000001c59793d790;  alias, 1 drivers
v000001c597942540_0 .net "ha0_cout", 0 0, L_000001c59794d330;  1 drivers
v000001c597942ae0_0 .net "ha0_sum", 0 0, L_000001c59793de20;  1 drivers
v000001c5979425e0_0 .net "ha1_cout", 0 0, L_000001c59794d830;  1 drivers
v000001c597942e00_0 .net "sum", 0 0, L_000001c59793d560;  alias, 1 drivers
S_000001c59793d090 .scope module, "ha0" "half_adder" 5 13, 6 1 0, S_000001c59793bc40;
 .timescale 0 0;
    .port_info 0 /INPUT 1 "a";
    .port_info 1 /INPUT 1 "b";
    .port_info 2 /OUTPUT 1 "sum";
    .port_info 3 /OUTPUT 1 "cout";
L_000001c59793de20 .functor XOR 1, L_000001c59794d1f0, L_000001c59794d150, C4<0>, C4<0>;
v000001c597940df0_0 .net "a", 0 0, L_000001c59794d1f0;  alias, 1 drivers
v000001c597941390_0 .net "b", 0 0, L_000001c59794d150;  alias, 1 drivers
v000001c5979408f0_0 .net "cout", 0 0, L_000001c59794d330;  alias, 1 drivers
v000001c597940990_0 .net "sum", 0 0, L_000001c59793de20;  alias, 1 drivers
L_000001c59794d330 .arith/mult 1, L_000001c59794d1f0, L_000001c59794d150;
S_000001c59793b470 .scope module, "hf1" "half_adder" 5 22, 6 1 0, S_000001c59793bc40;
 .timescale 0 0;
    .port_info 0 /INPUT 1 "a";
    .port_info 1 /INPUT 1 "b";
    .port_info 2 /OUTPUT 1 "sum";
    .port_info 3 /OUTPUT 1 "cout";
L_000001c59793d560 .functor XOR 1, L_000001c59793daa0, L_000001c59793de20, C4<0>, C4<0>;
v000001c597940f30_0 .net "a", 0 0, L_000001c59793daa0;  alias, 1 drivers
v000001c597941430_0 .net "b", 0 0, L_000001c59793de20;  alias, 1 drivers
v000001c597941610_0 .net "cout", 0 0, L_000001c59794d830;  alias, 1 drivers
v000001c597942cc0_0 .net "sum", 0 0, L_000001c59793d560;  alias, 1 drivers
L_000001c59794d830 .arith/mult 1, L_000001c59793daa0, L_000001c59793de20;
S_000001c59793b600 .scope module, "rca41" "ripple_carry_adder_4" 3 23, 4 2 0, S_000001c59793c730;
 .timescale 0 0;
    .port_info 0 /INPUT 4 "a";
    .port_info 1 /INPUT 4 "b";
    .port_info 2 /INPUT 1 "cin";
    .port_info 3 /OUTPUT 1 "cout";
    .port_info 4 /OUTPUT 4 "sum";
L_000001c59793df00 .functor BUFZ 1, L_000001c59793e360, C4<0>, C4<0>, C4<0>;
v000001c597949d30_0 .net "a", 3 0, L_000001c59794d970;  1 drivers
v000001c597949e70_0 .net "b", 3 0, L_000001c59794dc90;  1 drivers
v000001c597949fb0_0 .net "cin", 0 0, L_000001c59793e2f0;  alias, 1 drivers
v000001c597948930_0 .net "cout", 0 0, L_000001c59793df00;  alias, 1 drivers
v000001c597948f70_0 .net "fa0_cout", 0 0, L_000001c59793d480;  1 drivers
v000001c597948390_0 .net "fa0_sum", 0 0, L_000001c59793d5d0;  1 drivers
v000001c597948430_0 .net "fa1_cout", 0 0, L_000001c59793d720;  1 drivers
v000001c5979484d0_0 .net "fa1_sum", 0 0, L_000001c59793d9c0;  1 drivers
v000001c597948570_0 .net "fa2_cout", 0 0, L_000001c59793d800;  1 drivers
v000001c597948b10_0 .net "fa2_sum", 0 0, L_000001c59793db80;  1 drivers
v000001c597948bb0_0 .net "fa3_cout", 0 0, L_000001c59793e360;  1 drivers
v000001c597948c50_0 .net "fa3_sum", 0 0, L_000001c59793d950;  1 drivers
v000001c5979493d0_0 .net "sum", 3 0, L_000001c59794de70;  alias, 1 drivers
L_000001c59794ddd0 .part L_000001c59794d970, 0, 1;
L_000001c59794ca70 .part L_000001c59794dc90, 0, 1;
L_000001c59794d470 .part L_000001c59794d970, 1, 1;
L_000001c59794d5b0 .part L_000001c59794dc90, 1, 1;
L_000001c59794d790 .part L_000001c59794d970, 2, 1;
L_000001c59794cb10 .part L_000001c59794dc90, 2, 1;
L_000001c59794d8d0 .part L_000001c59794d970, 3, 1;
L_000001c59794dbf0 .part L_000001c59794dc90, 3, 1;
L_000001c59794de70 .concat [ 1 1 1 1], L_000001c59793d5d0, L_000001c59793d9c0, L_000001c59793db80, L_000001c59793d950;
S_000001c59793b920 .scope module, "fa0" "full_adder" 4 19, 5 2 0, S_000001c59793b600;
 .timescale 0 0;
    .port_info 0 /INPUT 1 "a";
    .port_info 1 /INPUT 1 "b";
    .port_info 2 /INPUT 1 "cin";
    .port_info 3 /OUTPUT 1 "sum";
    .port_info 4 /OUTPUT 1 "cout";
L_000001c59793d480 .functor OR 1, L_000001c59794d510, L_000001c59794d0b0, C4<0>, C4<0>;
v000001c597942fe0_0 .net "a", 0 0, L_000001c59794ddd0;  1 drivers
v000001c597943300_0 .net "b", 0 0, L_000001c59794ca70;  1 drivers
v000001c597943440_0 .net "cin", 0 0, L_000001c59793e2f0;  alias, 1 drivers
v000001c5979429a0_0 .net "cout", 0 0, L_000001c59793d480;  alias, 1 drivers
v000001c597943800_0 .net "ha0_cout", 0 0, L_000001c59794d0b0;  1 drivers
v000001c597942720_0 .net "ha0_sum", 0 0, L_000001c59793db10;  1 drivers
v000001c597942a40_0 .net "ha1_cout", 0 0, L_000001c59794d510;  1 drivers
v000001c597943d00_0 .net "sum", 0 0, L_000001c59793d5d0;  alias, 1 drivers
S_000001c59793bdd0 .scope module, "ha0" "half_adder" 5 13, 6 1 0, S_000001c59793b920;
 .timescale 0 0;
    .port_info 0 /INPUT 1 "a";
    .port_info 1 /INPUT 1 "b";
    .port_info 2 /OUTPUT 1 "sum";
    .port_info 3 /OUTPUT 1 "cout";
L_000001c59793db10 .functor XOR 1, L_000001c59794ddd0, L_000001c59794ca70, C4<0>, C4<0>;
v000001c597942360_0 .net "a", 0 0, L_000001c59794ddd0;  alias, 1 drivers
v000001c597942900_0 .net "b", 0 0, L_000001c59794ca70;  alias, 1 drivers
v000001c597943f80_0 .net "cout", 0 0, L_000001c59794d0b0;  alias, 1 drivers
v000001c5979431c0_0 .net "sum", 0 0, L_000001c59793db10;  alias, 1 drivers
L_000001c59794d0b0 .arith/mult 1, L_000001c59794ddd0, L_000001c59794ca70;
S_000001c59793bab0 .scope module, "hf1" "half_adder" 5 22, 6 1 0, S_000001c59793b920;
 .timescale 0 0;
    .port_info 0 /INPUT 1 "a";
    .port_info 1 /INPUT 1 "b";
    .port_info 2 /OUTPUT 1 "sum";
    .port_info 3 /OUTPUT 1 "cout";
L_000001c59793d5d0 .functor XOR 1, L_000001c59793e2f0, L_000001c59793db10, C4<0>, C4<0>;
v000001c5979434e0_0 .net "a", 0 0, L_000001c59793e2f0;  alias, 1 drivers
v000001c597942220_0 .net "b", 0 0, L_000001c59793db10;  alias, 1 drivers
v000001c597943c60_0 .net "cout", 0 0, L_000001c59794d510;  alias, 1 drivers
v000001c597943760_0 .net "sum", 0 0, L_000001c59793d5d0;  alias, 1 drivers
L_000001c59794d510 .arith/mult 1, L_000001c59793e2f0, L_000001c59793db10;
S_000001c59793bf60 .scope module, "fa1" "full_adder" 4 27, 5 2 0, S_000001c59793b600;
 .timescale 0 0;
    .port_info 0 /INPUT 1 "a";
    .port_info 1 /INPUT 1 "b";
    .port_info 2 /INPUT 1 "cin";
    .port_info 3 /OUTPUT 1 "sum";
    .port_info 4 /OUTPUT 1 "cout";
L_000001c59793d720 .functor OR 1, L_000001c59794cf70, L_000001c59794da10, C4<0>, C4<0>;
v000001c597942d60_0 .net "a", 0 0, L_000001c59794d470;  1 drivers
v000001c597942f40_0 .net "b", 0 0, L_000001c59794d5b0;  1 drivers
v000001c597943260_0 .net "cin", 0 0, L_000001c59793d480;  alias, 1 drivers
v000001c597943da0_0 .net "cout", 0 0, L_000001c59793d720;  alias, 1 drivers
v000001c5979490b0_0 .net "ha0_cout", 0 0, L_000001c59794da10;  1 drivers
v000001c597949150_0 .net "ha0_sum", 0 0, L_000001c59793e1a0;  1 drivers
v000001c5979482f0_0 .net "ha1_cout", 0 0, L_000001c59794cf70;  1 drivers
v000001c597948e30_0 .net "sum", 0 0, L_000001c59793d9c0;  alias, 1 drivers
S_000001c597947550 .scope module, "ha0" "half_adder" 5 13, 6 1 0, S_000001c59793bf60;
 .timescale 0 0;
    .port_info 0 /INPUT 1 "a";
    .port_info 1 /INPUT 1 "b";
    .port_info 2 /OUTPUT 1 "sum";
    .port_info 3 /OUTPUT 1 "cout";
L_000001c59793e1a0 .functor XOR 1, L_000001c59794d470, L_000001c59794d5b0, C4<0>, C4<0>;
v000001c5979427c0_0 .net "a", 0 0, L_000001c59794d470;  alias, 1 drivers
v000001c5979438a0_0 .net "b", 0 0, L_000001c59794d5b0;  alias, 1 drivers
v000001c597942b80_0 .net "cout", 0 0, L_000001c59794da10;  alias, 1 drivers
v000001c597943080_0 .net "sum", 0 0, L_000001c59793e1a0;  alias, 1 drivers
L_000001c59794da10 .arith/mult 1, L_000001c59794d470, L_000001c59794d5b0;
S_000001c597947870 .scope module, "hf1" "half_adder" 5 22, 6 1 0, S_000001c59793bf60;
 .timescale 0 0;
    .port_info 0 /INPUT 1 "a";
    .port_info 1 /INPUT 1 "b";
    .port_info 2 /OUTPUT 1 "sum";
    .port_info 3 /OUTPUT 1 "cout";
L_000001c59793d9c0 .functor XOR 1, L_000001c59793d480, L_000001c59793e1a0, C4<0>, C4<0>;
v000001c597943120_0 .net "a", 0 0, L_000001c59793d480;  alias, 1 drivers
v000001c597943620_0 .net "b", 0 0, L_000001c59793e1a0;  alias, 1 drivers
v000001c597942ea0_0 .net "cout", 0 0, L_000001c59794cf70;  alias, 1 drivers
v000001c597942c20_0 .net "sum", 0 0, L_000001c59793d9c0;  alias, 1 drivers
L_000001c59794cf70 .arith/mult 1, L_000001c59793d480, L_000001c59793e1a0;
S_000001c597946f10 .scope module, "fa2" "full_adder" 4 35, 5 2 0, S_000001c59793b600;
 .timescale 0 0;
    .port_info 0 /INPUT 1 "a";
    .port_info 1 /INPUT 1 "b";
    .port_info 2 /INPUT 1 "cin";
    .port_info 3 /OUTPUT 1 "sum";
    .port_info 4 /OUTPUT 1 "cout";
L_000001c59793d800 .functor OR 1, L_000001c59794d6f0, L_000001c59794dfb0, C4<0>, C4<0>;
v000001c597949a10_0 .net "a", 0 0, L_000001c59794d790;  1 drivers
v000001c597949650_0 .net "b", 0 0, L_000001c59794cb10;  1 drivers
v000001c597949ab0_0 .net "cin", 0 0, L_000001c59793d720;  alias, 1 drivers
v000001c597949790_0 .net "cout", 0 0, L_000001c59793d800;  alias, 1 drivers
v000001c5979486b0_0 .net "ha0_cout", 0 0, L_000001c59794dfb0;  1 drivers
v000001c5979498d0_0 .net "ha0_sum", 0 0, L_000001c59793dcd0;  1 drivers
v000001c597949290_0 .net "ha1_cout", 0 0, L_000001c59794d6f0;  1 drivers
v000001c597949010_0 .net "sum", 0 0, L_000001c59793db80;  alias, 1 drivers
S_000001c597946420 .scope module, "ha0" "half_adder" 5 13, 6 1 0, S_000001c597946f10;
 .timescale 0 0;
    .port_info 0 /INPUT 1 "a";
    .port_info 1 /INPUT 1 "b";
    .port_info 2 /OUTPUT 1 "sum";
    .port_info 3 /OUTPUT 1 "cout";
L_000001c59793dcd0 .functor XOR 1, L_000001c59794d790, L_000001c59794cb10, C4<0>, C4<0>;
v000001c5979496f0_0 .net "a", 0 0, L_000001c59794d790;  alias, 1 drivers
v000001c597949f10_0 .net "b", 0 0, L_000001c59794cb10;  alias, 1 drivers
v000001c597948610_0 .net "cout", 0 0, L_000001c59794dfb0;  alias, 1 drivers
v000001c597949970_0 .net "sum", 0 0, L_000001c59793dcd0;  alias, 1 drivers
L_000001c59794dfb0 .arith/mult 1, L_000001c59794d790, L_000001c59794cb10;
S_000001c5979465b0 .scope module, "hf1" "half_adder" 5 22, 6 1 0, S_000001c597946f10;
 .timescale 0 0;
    .port_info 0 /INPUT 1 "a";
    .port_info 1 /INPUT 1 "b";
    .port_info 2 /OUTPUT 1 "sum";
    .port_info 3 /OUTPUT 1 "cout";
L_000001c59793db80 .functor XOR 1, L_000001c59793d720, L_000001c59793dcd0, C4<0>, C4<0>;
v000001c5979491f0_0 .net "a", 0 0, L_000001c59793d720;  alias, 1 drivers
v000001c597949510_0 .net "b", 0 0, L_000001c59793dcd0;  alias, 1 drivers
v000001c597948750_0 .net "cout", 0 0, L_000001c59794d6f0;  alias, 1 drivers
v000001c597948110_0 .net "sum", 0 0, L_000001c59793db80;  alias, 1 drivers
L_000001c59794d6f0 .arith/mult 1, L_000001c59793d720, L_000001c59793dcd0;
S_000001c597946bf0 .scope module, "fa3" "full_adder" 4 43, 5 2 0, S_000001c59793b600;
 .timescale 0 0;
    .port_info 0 /INPUT 1 "a";
    .port_info 1 /INPUT 1 "b";
    .port_info 2 /INPUT 1 "cin";
    .port_info 3 /OUTPUT 1 "sum";
    .port_info 4 /OUTPUT 1 "cout";
L_000001c59793e360 .functor OR 1, L_000001c59794c9d0, L_000001c59794d010, C4<0>, C4<0>;
v000001c597949330_0 .net "a", 0 0, L_000001c59794d8d0;  1 drivers
v000001c597948250_0 .net "b", 0 0, L_000001c59794dbf0;  1 drivers
v000001c597949dd0_0 .net "cin", 0 0, L_000001c59793d800;  alias, 1 drivers
v000001c5979495b0_0 .net "cout", 0 0, L_000001c59793e360;  alias, 1 drivers
v000001c597949830_0 .net "ha0_cout", 0 0, L_000001c59794d010;  1 drivers
v000001c597949c90_0 .net "ha0_sum", 0 0, L_000001c59793e280;  1 drivers
v000001c597948890_0 .net "ha1_cout", 0 0, L_000001c59794c9d0;  1 drivers
v000001c597949470_0 .net "sum", 0 0, L_000001c59793d950;  alias, 1 drivers
S_000001c5979470a0 .scope module, "ha0" "half_adder" 5 13, 6 1 0, S_000001c597946bf0;
 .timescale 0 0;
    .port_info 0 /INPUT 1 "a";
    .port_info 1 /INPUT 1 "b";
    .port_info 2 /OUTPUT 1 "sum";
    .port_info 3 /OUTPUT 1 "cout";
L_000001c59793e280 .functor XOR 1, L_000001c59794d8d0, L_000001c59794dbf0, C4<0>, C4<0>;
v000001c597949bf0_0 .net "a", 0 0, L_000001c59794d8d0;  alias, 1 drivers
v000001c597948d90_0 .net "b", 0 0, L_000001c59794dbf0;  alias, 1 drivers
v000001c597949b50_0 .net "cout", 0 0, L_000001c59794d010;  alias, 1 drivers
v000001c5979489d0_0 .net "sum", 0 0, L_000001c59793e280;  alias, 1 drivers
L_000001c59794d010 .arith/mult 1, L_000001c59794d8d0, L_000001c59794dbf0;
S_000001c597947230 .scope module, "hf1" "half_adder" 5 22, 6 1 0, S_000001c597946bf0;
 .timescale 0 0;
    .port_info 0 /INPUT 1 "a";
    .port_info 1 /INPUT 1 "b";
    .port_info 2 /OUTPUT 1 "sum";
    .port_info 3 /OUTPUT 1 "cout";
L_000001c59793d950 .functor XOR 1, L_000001c59793d800, L_000001c59793e280, C4<0>, C4<0>;
v000001c5979487f0_0 .net "a", 0 0, L_000001c59793d800;  alias, 1 drivers
v000001c5979481b0_0 .net "b", 0 0, L_000001c59793e280;  alias, 1 drivers
v000001c597948cf0_0 .net "cout", 0 0, L_000001c59794c9d0;  alias, 1 drivers
v000001c597948a70_0 .net "sum", 0 0, L_000001c59793d950;  alias, 1 drivers
L_000001c59794c9d0 .arith/mult 1, L_000001c59793d800, L_000001c59793e280;
# The file index is used to find the file name in the following table.
:file_names 7;
    "N/A";
    "<interactive>";
    "ripple_carry_adder_16.v";
    "./../../src/verilog/ripple_carry_adder_8.v";
    "./../../src/verilog/ripple_carry_adder_4.v";
    "./../../../Project 2 - Full Adder/src/verilog/full_adder.v";
    "./../../../Project 1 - Half Adder/src/verilog/half_adder.v";
