#! /c/Source/iverilog-install/bin/vvp
:ivl_version "12.0 (devel)" "(s20150603-1539-g2693dd32b)";
:ivl_delay_selection "TYPICAL";
:vpi_time_precision + 0;
:vpi_module "C:\iverilog\lib\ivl\system.vpi";
:vpi_module "C:\iverilog\lib\ivl\vhdl_sys.vpi";
:vpi_module "C:\iverilog\lib\ivl\vhdl_textio.vpi";
:vpi_module "C:\iverilog\lib\ivl\v2005_math.vpi";
:vpi_module "C:\iverilog\lib\ivl\va_math.vpi";
S_000001a29b592d50 .scope module, "ripple_carry_adder_N" "ripple_carry_adder_N" 2 3;
 .timescale 0 0;
    .port_info 0 /INPUT 4 "a";
    .port_info 1 /INPUT 4 "b";
    .port_info 2 /INPUT 1 "cin";
    .port_info 3 /OUTPUT 4 "sum";
    .port_info 4 /OUTPUT 1 "cout";
P_000001a29b5919f0 .param/l "N" 0 2 5, +C4<00000000000000000000000000000100>;
o000001a29b594eb8 .functor BUFZ 4, C4<zzzz>; HiZ drive
v000001a29b5f0100_0 .net "a", 3 0, o000001a29b594eb8;  0 drivers
o000001a29b594ee8 .functor BUFZ 4, C4<zzzz>; HiZ drive
v000001a29b5f07e0_0 .net "b", 3 0, o000001a29b594ee8;  0 drivers
o000001a29b594078 .functor BUFZ 1, C4<z>; HiZ drive
v000001a29b5ef0c0_0 .net "cin", 0 0, o000001a29b594078;  0 drivers
v000001a29b5eeda0_0 .net "cout", 0 0, L_000001a29b5f2630;  1 drivers
v000001a29b5efa20_0 .net "cout_aux", 2 0, L_000001a29b5efde0;  1 drivers
v000001a29b5ef8e0_0 .net "sum", 3 0, L_000001a29b5f0560;  1 drivers
L_000001a29b5f0880 .part o000001a29b594eb8, 0, 1;
L_000001a29b5f01a0 .part o000001a29b594ee8, 0, 1;
L_000001a29b5eed00 .part o000001a29b594eb8, 1, 1;
L_000001a29b5efca0 .part o000001a29b594ee8, 1, 1;
L_000001a29b5f06a0 .part L_000001a29b5efde0, 0, 1;
L_000001a29b5eeee0 .part o000001a29b594eb8, 2, 1;
L_000001a29b5f09c0 .part o000001a29b594ee8, 2, 1;
L_000001a29b5eee40 .part L_000001a29b5efde0, 1, 1;
L_000001a29b5efde0 .concat8 [ 1 1 1 0], L_000001a29b58fae0, L_000001a29b58f840, L_000001a29b5f1d00;
L_000001a29b5f04c0 .part o000001a29b594eb8, 3, 1;
L_000001a29b5f0240 .part o000001a29b594ee8, 3, 1;
L_000001a29b5ef160 .part L_000001a29b5efde0, 2, 1;
L_000001a29b5f0560 .concat8 [ 1 1 1 1], L_000001a29b58f610, L_000001a29b58f450, L_000001a29b5f2a20, L_000001a29b5f25c0;
S_000001a29b53cf30 .scope generate, "genblk1[0]" "genblk1[0]" 2 19, 2 19 0, S_000001a29b592d50;
 .timescale 0 0;
P_000001a29b591470 .param/l "i" 0 2 19, +C4<00>;
S_000001a29b53d0c0 .scope generate, "genblk1" "genblk1" 2 20, 2 20 0, S_000001a29b53cf30;
 .timescale 0 0;
S_000001a29b5855d0 .scope module, "fa0" "full_adder" 2 21, 3 1 0, S_000001a29b53d0c0;
 .timescale 0 0;
    .port_info 0 /INPUT 1 "a";
    .port_info 1 /INPUT 1 "b";
    .port_info 2 /INPUT 1 "cin";
    .port_info 3 /OUTPUT 1 "sum";
    .port_info 4 /OUTPUT 1 "cout";
L_000001a29b58fae0 .functor OR 1, L_000001a29b5f0060, L_000001a29b5efac0, C4<0>, C4<0>;
v000001a29b58e030_0 .net "a", 0 0, L_000001a29b5f0880;  1 drivers
v000001a29b5e2f60_0 .net "b", 0 0, L_000001a29b5f01a0;  1 drivers
v000001a29b5e3500_0 .net "cin", 0 0, o000001a29b594078;  alias, 0 drivers
v000001a29b5e29c0_0 .net "cout", 0 0, L_000001a29b58fae0;  1 drivers
v000001a29b5e4180_0 .net "ha0_cout", 0 0, L_000001a29b5efac0;  1 drivers
v000001a29b5e2b00_0 .net "ha0_sum", 0 0, L_000001a29b58f7d0;  1 drivers
v000001a29b5e3000_0 .net "ha1_cout", 0 0, L_000001a29b5f0060;  1 drivers
v000001a29b5e31e0_0 .net "sum", 0 0, L_000001a29b58f610;  1 drivers
S_000001a29b585760 .scope module, "ha0" "half_adder" 3 12, 4 1 0, S_000001a29b5855d0;
 .timescale 0 0;
    .port_info 0 /INPUT 1 "a";
    .port_info 1 /INPUT 1 "b";
    .port_info 2 /OUTPUT 1 "sum";
    .port_info 3 /OUTPUT 1 "cout";
L_000001a29b58f7d0 .functor XOR 1, L_000001a29b5f0880, L_000001a29b5f01a0, C4<0>, C4<0>;
v000001a29b58ecb0_0 .net "a", 0 0, L_000001a29b5f0880;  alias, 1 drivers
v000001a29b58ef30_0 .net "b", 0 0, L_000001a29b5f01a0;  alias, 1 drivers
v000001a29b58e2b0_0 .net "cout", 0 0, L_000001a29b5efac0;  alias, 1 drivers
v000001a29b58e530_0 .net "sum", 0 0, L_000001a29b58f7d0;  alias, 1 drivers
L_000001a29b5efac0 .arith/mult 1, L_000001a29b5f0880, L_000001a29b5f01a0;
S_000001a29b5e27e0 .scope module, "hf1" "half_adder" 3 21, 4 1 0, S_000001a29b5855d0;
 .timescale 0 0;
    .port_info 0 /INPUT 1 "a";
    .port_info 1 /INPUT 1 "b";
    .port_info 2 /OUTPUT 1 "sum";
    .port_info 3 /OUTPUT 1 "cout";
L_000001a29b58f610 .functor XOR 1, o000001a29b594078, L_000001a29b58f7d0, C4<0>, C4<0>;
v000001a29b58e490_0 .net "a", 0 0, o000001a29b594078;  alias, 0 drivers
v000001a29b58e7b0_0 .net "b", 0 0, L_000001a29b58f7d0;  alias, 1 drivers
v000001a29b58ee90_0 .net "cout", 0 0, L_000001a29b5f0060;  alias, 1 drivers
v000001a29b58ea30_0 .net "sum", 0 0, L_000001a29b58f610;  alias, 1 drivers
L_000001a29b5f0060 .arith/mult 1, o000001a29b594078, L_000001a29b58f7d0;
S_000001a29b5e4980 .scope generate, "genblk1[1]" "genblk1[1]" 2 19, 2 19 0, S_000001a29b592d50;
 .timescale 0 0;
P_000001a29b591670 .param/l "i" 0 2 19, +C4<01>;
S_000001a29b5e4b10 .scope generate, "genblk1" "genblk1" 2 28, 2 28 0, S_000001a29b5e4980;
 .timescale 0 0;
S_000001a29b5e4ca0 .scope module, "fa0" "full_adder" 2 29, 3 1 0, S_000001a29b5e4b10;
 .timescale 0 0;
    .port_info 0 /INPUT 1 "a";
    .port_info 1 /INPUT 1 "b";
    .port_info 2 /INPUT 1 "cin";
    .port_info 3 /OUTPUT 1 "sum";
    .port_info 4 /OUTPUT 1 "cout";
L_000001a29b58f840 .functor OR 1, L_000001a29b5f0380, L_000001a29b5ef020, C4<0>, C4<0>;
v000001a29b5e45e0_0 .net "a", 0 0, L_000001a29b5eed00;  1 drivers
v000001a29b5e47c0_0 .net "b", 0 0, L_000001a29b5efca0;  1 drivers
v000001a29b5e4220_0 .net "cin", 0 0, L_000001a29b5f06a0;  1 drivers
v000001a29b5e4360_0 .net "cout", 0 0, L_000001a29b58f840;  1 drivers
v000001a29b5e3e60_0 .net "ha0_cout", 0 0, L_000001a29b5ef020;  1 drivers
v000001a29b5e2ec0_0 .net "ha0_sum", 0 0, L_000001a29b58fb50;  1 drivers
v000001a29b5e4400_0 .net "ha1_cout", 0 0, L_000001a29b5f0380;  1 drivers
v000001a29b5e4680_0 .net "sum", 0 0, L_000001a29b58f450;  1 drivers
S_000001a29b5e4e30 .scope module, "ha0" "half_adder" 3 12, 4 1 0, S_000001a29b5e4ca0;
 .timescale 0 0;
    .port_info 0 /INPUT 1 "a";
    .port_info 1 /INPUT 1 "b";
    .port_info 2 /OUTPUT 1 "sum";
    .port_info 3 /OUTPUT 1 "cout";
L_000001a29b58fb50 .functor XOR 1, L_000001a29b5eed00, L_000001a29b5efca0, C4<0>, C4<0>;
v000001a29b5e3280_0 .net "a", 0 0, L_000001a29b5eed00;  alias, 1 drivers
v000001a29b5e3f00_0 .net "b", 0 0, L_000001a29b5efca0;  alias, 1 drivers
v000001a29b5e3960_0 .net "cout", 0 0, L_000001a29b5ef020;  alias, 1 drivers
v000001a29b5e4860_0 .net "sum", 0 0, L_000001a29b58fb50;  alias, 1 drivers
L_000001a29b5ef020 .arith/mult 1, L_000001a29b5eed00, L_000001a29b5efca0;
S_000001a29b5e4fc0 .scope module, "hf1" "half_adder" 3 21, 4 1 0, S_000001a29b5e4ca0;
 .timescale 0 0;
    .port_info 0 /INPUT 1 "a";
    .port_info 1 /INPUT 1 "b";
    .port_info 2 /OUTPUT 1 "sum";
    .port_info 3 /OUTPUT 1 "cout";
L_000001a29b58f450 .functor XOR 1, L_000001a29b5f06a0, L_000001a29b58fb50, C4<0>, C4<0>;
v000001a29b5e35a0_0 .net "a", 0 0, L_000001a29b5f06a0;  alias, 1 drivers
v000001a29b5e4720_0 .net "b", 0 0, L_000001a29b58fb50;  alias, 1 drivers
v000001a29b5e42c0_0 .net "cout", 0 0, L_000001a29b5f0380;  alias, 1 drivers
v000001a29b5e40e0_0 .net "sum", 0 0, L_000001a29b58f450;  alias, 1 drivers
L_000001a29b5f0380 .arith/mult 1, L_000001a29b5f06a0, L_000001a29b58fb50;
S_000001a29b5e5150 .scope generate, "genblk1[2]" "genblk1[2]" 2 19, 2 19 0, S_000001a29b592d50;
 .timescale 0 0;
P_000001a29b590d30 .param/l "i" 0 2 19, +C4<010>;
S_000001a29b5e52e0 .scope generate, "genblk1" "genblk1" 2 28, 2 28 0, S_000001a29b5e5150;
 .timescale 0 0;
S_000001a29b5e5470 .scope module, "fa0" "full_adder" 2 29, 3 1 0, S_000001a29b5e52e0;
 .timescale 0 0;
    .port_info 0 /INPUT 1 "a";
    .port_info 1 /INPUT 1 "b";
    .port_info 2 /INPUT 1 "cin";
    .port_info 3 /OUTPUT 1 "sum";
    .port_info 4 /OUTPUT 1 "cout";
L_000001a29b5f1d00 .functor OR 1, L_000001a29b5ef520, L_000001a29b5f0920, C4<0>, C4<0>;
v000001a29b5e44a0_0 .net "a", 0 0, L_000001a29b5eeee0;  1 drivers
v000001a29b5e2ce0_0 .net "b", 0 0, L_000001a29b5f09c0;  1 drivers
v000001a29b5e2d80_0 .net "cin", 0 0, L_000001a29b5eee40;  1 drivers
v000001a29b5e2e20_0 .net "cout", 0 0, L_000001a29b5f1d00;  1 drivers
v000001a29b5e3140_0 .net "ha0_cout", 0 0, L_000001a29b5f0920;  1 drivers
v000001a29b5e3320_0 .net "ha0_sum", 0 0, L_000001a29b58f990;  1 drivers
v000001a29b5e33c0_0 .net "ha1_cout", 0 0, L_000001a29b5ef520;  1 drivers
v000001a29b5e36e0_0 .net "sum", 0 0, L_000001a29b5f2a20;  1 drivers
S_000001a29b5e5600 .scope module, "ha0" "half_adder" 3 12, 4 1 0, S_000001a29b5e5470;
 .timescale 0 0;
    .port_info 0 /INPUT 1 "a";
    .port_info 1 /INPUT 1 "b";
    .port_info 2 /OUTPUT 1 "sum";
    .port_info 3 /OUTPUT 1 "cout";
L_000001a29b58f990 .functor XOR 1, L_000001a29b5eeee0, L_000001a29b5f09c0, C4<0>, C4<0>;
v000001a29b5e2a60_0 .net "a", 0 0, L_000001a29b5eeee0;  alias, 1 drivers
v000001a29b5e3640_0 .net "b", 0 0, L_000001a29b5f09c0;  alias, 1 drivers
v000001a29b5e2ba0_0 .net "cout", 0 0, L_000001a29b5f0920;  alias, 1 drivers
v000001a29b5e30a0_0 .net "sum", 0 0, L_000001a29b58f990;  alias, 1 drivers
L_000001a29b5f0920 .arith/mult 1, L_000001a29b5eeee0, L_000001a29b5f09c0;
S_000001a29b5e5790 .scope module, "hf1" "half_adder" 3 21, 4 1 0, S_000001a29b5e5470;
 .timescale 0 0;
    .port_info 0 /INPUT 1 "a";
    .port_info 1 /INPUT 1 "b";
    .port_info 2 /OUTPUT 1 "sum";
    .port_info 3 /OUTPUT 1 "cout";
L_000001a29b5f2a20 .functor XOR 1, L_000001a29b5eee40, L_000001a29b58f990, C4<0>, C4<0>;
v000001a29b5e4540_0 .net "a", 0 0, L_000001a29b5eee40;  alias, 1 drivers
v000001a29b5e4040_0 .net "b", 0 0, L_000001a29b58f990;  alias, 1 drivers
v000001a29b5e2c40_0 .net "cout", 0 0, L_000001a29b5ef520;  alias, 1 drivers
v000001a29b5e3fa0_0 .net "sum", 0 0, L_000001a29b5f2a20;  alias, 1 drivers
L_000001a29b5ef520 .arith/mult 1, L_000001a29b5eee40, L_000001a29b58f990;
S_000001a29b5ed930 .scope generate, "genblk1[3]" "genblk1[3]" 2 19, 2 19 0, S_000001a29b592d50;
 .timescale 0 0;
P_000001a29b591970 .param/l "i" 0 2 19, +C4<011>;
S_000001a29b5ee600 .scope generate, "genblk1" "genblk1" 2 28, 2 28 0, S_000001a29b5ed930;
 .timescale 0 0;
S_000001a29b5ee470 .scope module, "fa0" "full_adder" 2 37, 3 1 0, S_000001a29b5ee600;
 .timescale 0 0;
    .port_info 0 /INPUT 1 "a";
    .port_info 1 /INPUT 1 "b";
    .port_info 2 /INPUT 1 "cin";
    .port_info 3 /OUTPUT 1 "sum";
    .port_info 4 /OUTPUT 1 "cout";
L_000001a29b5f2630 .functor OR 1, L_000001a29b5efd40, L_000001a29b5f02e0, C4<0>, C4<0>;
v000001a29b5e3d20_0 .net "a", 0 0, L_000001a29b5f04c0;  1 drivers
v000001a29b5e3c80_0 .net "b", 0 0, L_000001a29b5f0240;  1 drivers
v000001a29b5e3dc0_0 .net "cin", 0 0, L_000001a29b5ef160;  1 drivers
v000001a29b5efb60_0 .net "cout", 0 0, L_000001a29b5f2630;  alias, 1 drivers
v000001a29b5eef80_0 .net "ha0_cout", 0 0, L_000001a29b5f02e0;  1 drivers
v000001a29b5ef480_0 .net "ha0_sum", 0 0, L_000001a29b5f2470;  1 drivers
v000001a29b5ef7a0_0 .net "ha1_cout", 0 0, L_000001a29b5efd40;  1 drivers
v000001a29b5ef980_0 .net "sum", 0 0, L_000001a29b5f25c0;  1 drivers
S_000001a29b5ee790 .scope module, "ha0" "half_adder" 3 12, 4 1 0, S_000001a29b5ee470;
 .timescale 0 0;
    .port_info 0 /INPUT 1 "a";
    .port_info 1 /INPUT 1 "b";
    .port_info 2 /OUTPUT 1 "sum";
    .port_info 3 /OUTPUT 1 "cout";
L_000001a29b5f2470 .functor XOR 1, L_000001a29b5f04c0, L_000001a29b5f0240, C4<0>, C4<0>;
v000001a29b5e3460_0 .net "a", 0 0, L_000001a29b5f04c0;  alias, 1 drivers
v000001a29b5e3780_0 .net "b", 0 0, L_000001a29b5f0240;  alias, 1 drivers
v000001a29b5e3a00_0 .net "cout", 0 0, L_000001a29b5f02e0;  alias, 1 drivers
v000001a29b5e3820_0 .net "sum", 0 0, L_000001a29b5f2470;  alias, 1 drivers
L_000001a29b5f02e0 .arith/mult 1, L_000001a29b5f04c0, L_000001a29b5f0240;
S_000001a29b5ee920 .scope module, "hf1" "half_adder" 3 21, 4 1 0, S_000001a29b5ee470;
 .timescale 0 0;
    .port_info 0 /INPUT 1 "a";
    .port_info 1 /INPUT 1 "b";
    .port_info 2 /OUTPUT 1 "sum";
    .port_info 3 /OUTPUT 1 "cout";
L_000001a29b5f25c0 .functor XOR 1, L_000001a29b5ef160, L_000001a29b5f2470, C4<0>, C4<0>;
v000001a29b5e38c0_0 .net "a", 0 0, L_000001a29b5ef160;  alias, 1 drivers
v000001a29b5e3aa0_0 .net "b", 0 0, L_000001a29b5f2470;  alias, 1 drivers
v000001a29b5e3b40_0 .net "cout", 0 0, L_000001a29b5efd40;  alias, 1 drivers
v000001a29b5e3be0_0 .net "sum", 0 0, L_000001a29b5f25c0;  alias, 1 drivers
L_000001a29b5efd40 .arith/mult 1, L_000001a29b5ef160, L_000001a29b5f2470;
# The file index is used to find the file name in the following table.
:file_names 5;
    "N/A";
    "<interactive>";
    "ripple_carry_adder_N.v";
    "./../../../Project 2 - Full Adder/src/verilog/full_adder.v";
    "./../../../Project 1 - half Adder/src/verilog/half_adder.v";
