#! /c/Source/iverilog-install/bin/vvp
:ivl_version "12.0 (devel)" "(s20150603-1539-g2693dd32b)";
:ivl_delay_selection "TYPICAL";
:vpi_time_precision + 0;
:vpi_module "C:\iverilog\lib\ivl\system.vpi";
:vpi_module "C:\iverilog\lib\ivl\vhdl_sys.vpi";
:vpi_module "C:\iverilog\lib\ivl\vhdl_textio.vpi";
:vpi_module "C:\iverilog\lib\ivl\v2005_math.vpi";
:vpi_module "C:\iverilog\lib\ivl\va_math.vpi";
S_0000017cac80d040 .scope module, "carry_select_adder_rca_16_sqrt" "carry_select_adder_rca_16_sqrt" 2 2;
 .timescale 0 0;
    .port_info 0 /INPUT 16 "a";
    .port_info 1 /INPUT 16 "b";
    .port_info 2 /INPUT 1 "cin";
    .port_info 3 /OUTPUT 16 "sum";
    .port_info 4 /OUTPUT 1 "cout";
o0000017cacaff908 .functor BUFZ 16, C4<zzzzzzzzzzzzzzzz>; HiZ drive
v0000017cacb54d20_0 .net "a", 15 0, o0000017cacaff908;  0 drivers
o0000017cacaff938 .functor BUFZ 16, C4<zzzzzzzzzzzzzzzz>; HiZ drive
v0000017cacb55040_0 .net "b", 15 0, o0000017cacaff938;  0 drivers
o0000017cacaff158 .functor BUFZ 1, C4<z>; HiZ drive
v0000017cacb54320_0 .net "cin", 0 0, o0000017cacaff158;  0 drivers
o0000017cacaff968 .functor BUFZ 1, C4<z>; HiZ drive
v0000017cacb55c20_0 .net "cout", 0 0, o0000017cacaff968;  0 drivers
v0000017cacb548c0_0 .net "rca20_cout", 0 0, L_0000017cacaebb10;  1 drivers
v0000017cacb543c0_0 .net "sum", 15 0, L_0000017cacb546e0;  1 drivers
L_0000017cacb55ea0 .part o0000017cacaff908, 0, 2;
L_0000017cacb55680 .part o0000017cacaff938, 0, 2;
L_0000017cacb546e0 .part/pv L_0000017cacb54960, 0, 2, 16;
S_0000017cac80d1d0 .scope module, "rca20" "ripple_carry_adder_N" 2 11, 3 3 0, S_0000017cac80d040;
 .timescale 0 0;
    .port_info 0 /INPUT 2 "a";
    .port_info 1 /INPUT 2 "b";
    .port_info 2 /INPUT 1 "cin";
    .port_info 3 /OUTPUT 2 "sum";
    .port_info 4 /OUTPUT 1 "cout";
P_0000017cacae8e30 .param/l "N" 0 3 5, +C4<00000000000000000000000000000010>;
v0000017cacb4b350_0 .net "a", 1 0, L_0000017cacb55ea0;  1 drivers
v0000017cacb4b670_0 .net "b", 1 0, L_0000017cacb55680;  1 drivers
v0000017cacb4b530_0 .net "cin", 0 0, o0000017cacaff158;  alias, 0 drivers
v0000017cacb4b5d0_0 .net "cout", 0 0, L_0000017cacaebb10;  alias, 1 drivers
v0000017cacb4b710_0 .net "cout_aux", 0 0, L_0000017cacaebdb0;  1 drivers
v0000017cacb55a40_0 .net "sum", 1 0, L_0000017cacb54960;  1 drivers
L_0000017cacb54460 .part L_0000017cacb55ea0, 0, 1;
L_0000017cacb55360 .part L_0000017cacb55680, 0, 1;
L_0000017cacb54a00 .part L_0000017cacb55ea0, 1, 1;
L_0000017cacb55900 .part L_0000017cacb55680, 1, 1;
L_0000017cacb54960 .concat8 [ 1 1 0 0], L_0000017cacaebf70, L_0000017cacaebe20;
S_0000017cacaf55d0 .scope generate, "genblk1[0]" "genblk1[0]" 3 19, 3 19 0, S_0000017cac80d1d0;
 .timescale 0 0;
P_0000017cacae9430 .param/l "i" 0 3 19, +C4<00>;
S_0000017cacaf5760 .scope generate, "genblk1" "genblk1" 3 20, 3 20 0, S_0000017cacaf55d0;
 .timescale 0 0;
S_0000017cacafbbe0 .scope module, "fa0" "full_adder" 3 21, 4 1 0, S_0000017cacaf5760;
 .timescale 0 0;
    .port_info 0 /INPUT 1 "a";
    .port_info 1 /INPUT 1 "b";
    .port_info 2 /INPUT 1 "cin";
    .port_info 3 /OUTPUT 1 "sum";
    .port_info 4 /OUTPUT 1 "cout";
L_0000017cacaebdb0 .functor OR 1, L_0000017cacb541e0, L_0000017cacb552c0, C4<0>, C4<0>;
v0000017cacaf4650_0 .net "a", 0 0, L_0000017cacb54460;  1 drivers
v0000017cacaf46f0_0 .net "b", 0 0, L_0000017cacb55360;  1 drivers
v0000017cacaf4790_0 .net "cin", 0 0, o0000017cacaff158;  alias, 0 drivers
v0000017cacb4a860_0 .net "cout", 0 0, L_0000017cacaebdb0;  alias, 1 drivers
v0000017cacb4b3f0_0 .net "ha0_cout", 0 0, L_0000017cacb552c0;  1 drivers
v0000017cacb4a950_0 .net "ha0_sum", 0 0, L_0000017cacaebf00;  1 drivers
v0000017cacb4aef0_0 .net "ha1_cout", 0 0, L_0000017cacb541e0;  1 drivers
v0000017cacb4b850_0 .net "sum", 0 0, L_0000017cacaebf70;  1 drivers
S_0000017cacafbd70 .scope module, "ha0" "half_adder" 4 12, 5 1 0, S_0000017cacafbbe0;
 .timescale 0 0;
    .port_info 0 /INPUT 1 "a";
    .port_info 1 /INPUT 1 "b";
    .port_info 2 /OUTPUT 1 "sum";
    .port_info 3 /OUTPUT 1 "cout";
L_0000017cacaebf00 .functor XOR 1, L_0000017cacb54460, L_0000017cacb55360, C4<0>, C4<0>;
v0000017cacac2df0_0 .net "a", 0 0, L_0000017cacb54460;  alias, 1 drivers
v0000017cacac2950_0 .net "b", 0 0, L_0000017cacb55360;  alias, 1 drivers
v0000017cacafbf00_0 .net "cout", 0 0, L_0000017cacb552c0;  alias, 1 drivers
v0000017cacafbfa0_0 .net "sum", 0 0, L_0000017cacaebf00;  alias, 1 drivers
L_0000017cacb552c0 .arith/mult 1, L_0000017cacb54460, L_0000017cacb55360;
S_0000017cacaf4380 .scope module, "hf1" "half_adder" 4 21, 5 1 0, S_0000017cacafbbe0;
 .timescale 0 0;
    .port_info 0 /INPUT 1 "a";
    .port_info 1 /INPUT 1 "b";
    .port_info 2 /OUTPUT 1 "sum";
    .port_info 3 /OUTPUT 1 "cout";
L_0000017cacaebf70 .functor XOR 1, o0000017cacaff158, L_0000017cacaebf00, C4<0>, C4<0>;
v0000017cacaf58f0_0 .net "a", 0 0, o0000017cacaff158;  alias, 0 drivers
v0000017cacaf5990_0 .net "b", 0 0, L_0000017cacaebf00;  alias, 1 drivers
v0000017cacaf4510_0 .net "cout", 0 0, L_0000017cacb541e0;  alias, 1 drivers
v0000017cacaf45b0_0 .net "sum", 0 0, L_0000017cacaebf70;  alias, 1 drivers
L_0000017cacb541e0 .arith/mult 1, o0000017cacaff158, L_0000017cacaebf00;
S_0000017cacb4b910 .scope generate, "genblk1[1]" "genblk1[1]" 3 19, 3 19 0, S_0000017cac80d1d0;
 .timescale 0 0;
P_0000017cacae96f0 .param/l "i" 0 3 19, +C4<01>;
S_0000017cacb4baa0 .scope generate, "genblk1" "genblk1" 3 28, 3 28 0, S_0000017cacb4b910;
 .timescale 0 0;
S_0000017cacb4bc30 .scope module, "fa0" "full_adder" 3 37, 4 1 0, S_0000017cacb4baa0;
 .timescale 0 0;
    .port_info 0 /INPUT 1 "a";
    .port_info 1 /INPUT 1 "b";
    .port_info 2 /INPUT 1 "cin";
    .port_info 3 /OUTPUT 1 "sum";
    .port_info 4 /OUTPUT 1 "cout";
L_0000017cacaebb10 .functor OR 1, L_0000017cacb555e0, L_0000017cacb559a0, C4<0>, C4<0>;
v0000017cacb4ad10_0 .net "a", 0 0, L_0000017cacb54a00;  1 drivers
v0000017cacb4b7b0_0 .net "b", 0 0, L_0000017cacb55900;  1 drivers
v0000017cacb4a9f0_0 .net "cin", 0 0, L_0000017cacaebdb0;  alias, 1 drivers
v0000017cacb4b0d0_0 .net "cout", 0 0, L_0000017cacaebb10;  alias, 1 drivers
v0000017cacb4aa90_0 .net "ha0_cout", 0 0, L_0000017cacb559a0;  1 drivers
v0000017cacb4b170_0 .net "ha0_sum", 0 0, L_0000017cacaebaa0;  1 drivers
v0000017cacb4adb0_0 .net "ha1_cout", 0 0, L_0000017cacb555e0;  1 drivers
v0000017cacb4b210_0 .net "sum", 0 0, L_0000017cacaebe20;  1 drivers
S_0000017cacb4bdc0 .scope module, "ha0" "half_adder" 4 12, 5 1 0, S_0000017cacb4bc30;
 .timescale 0 0;
    .port_info 0 /INPUT 1 "a";
    .port_info 1 /INPUT 1 "b";
    .port_info 2 /OUTPUT 1 "sum";
    .port_info 3 /OUTPUT 1 "cout";
L_0000017cacaebaa0 .functor XOR 1, L_0000017cacb54a00, L_0000017cacb55900, C4<0>, C4<0>;
v0000017cacb4b490_0 .net "a", 0 0, L_0000017cacb54a00;  alias, 1 drivers
v0000017cacb4af90_0 .net "b", 0 0, L_0000017cacb55900;  alias, 1 drivers
v0000017cacb4ae50_0 .net "cout", 0 0, L_0000017cacb559a0;  alias, 1 drivers
v0000017cacb4ab30_0 .net "sum", 0 0, L_0000017cacaebaa0;  alias, 1 drivers
L_0000017cacb559a0 .arith/mult 1, L_0000017cacb54a00, L_0000017cacb55900;
S_0000017cacb4bf50 .scope module, "hf1" "half_adder" 4 21, 5 1 0, S_0000017cacb4bc30;
 .timescale 0 0;
    .port_info 0 /INPUT 1 "a";
    .port_info 1 /INPUT 1 "b";
    .port_info 2 /OUTPUT 1 "sum";
    .port_info 3 /OUTPUT 1 "cout";
L_0000017cacaebe20 .functor XOR 1, L_0000017cacaebdb0, L_0000017cacaebaa0, C4<0>, C4<0>;
v0000017cacb4b2b0_0 .net "a", 0 0, L_0000017cacaebdb0;  alias, 1 drivers
v0000017cacb4b030_0 .net "b", 0 0, L_0000017cacaebaa0;  alias, 1 drivers
v0000017cacb4abd0_0 .net "cout", 0 0, L_0000017cacb555e0;  alias, 1 drivers
v0000017cacb4ac70_0 .net "sum", 0 0, L_0000017cacaebe20;  alias, 1 drivers
L_0000017cacb555e0 .arith/mult 1, L_0000017cacaebdb0, L_0000017cacaebaa0;
# The file index is used to find the file name in the following table.
:file_names 6;
    "N/A";
    "<interactive>";
    "carry_select_adder_rca_16_sqrt.v";
    "./../../../Project 3 - Ripple Carry Adder/src/verilog/ripple_carry_adder_N.v";
    "./../../../Project 2 - Full Adder/src/verilog/full_adder.v";
    "./../../../Project 1 - half Adder/src/verilog/half_adder.v";
