#! /c/Source/iverilog-install/bin/vvp
:ivl_version "12.0 (devel)" "(s20150603-1539-g2693dd32b)";
:ivl_delay_selection "TYPICAL";
:vpi_time_precision + 0;
:vpi_module "C:\iverilog\lib\ivl\system.vpi";
:vpi_module "C:\iverilog\lib\ivl\vhdl_sys.vpi";
:vpi_module "C:\iverilog\lib\ivl\vhdl_textio.vpi";
:vpi_module "C:\iverilog\lib\ivl\v2005_math.vpi";
:vpi_module "C:\iverilog\lib\ivl\va_math.vpi";
S_0000027b2cf124d0 .scope module, "half_adder" "half_adder" 2 1;
 .timescale 0 0;
    .port_info 0 /INPUT 1 "a";
    .port_info 1 /INPUT 1 "b";
    .port_info 2 /OUTPUT 1 "s";
    .port_info 3 /OUTPUT 1 "c";
o0000027b2cf46fa8 .functor BUFZ 1, C4<z>; HiZ drive
o0000027b2cf46fd8 .functor BUFZ 1, C4<z>; HiZ drive
L_0000027b2cf46e10 .functor XOR 1, o0000027b2cf46fa8, o0000027b2cf46fd8, C4<0>, C4<0>;
v0000027b2cf12d50_0 .net "a", 0 0, o0000027b2cf46fa8;  0 drivers
v0000027b2cf46d70_0 .net "b", 0 0, o0000027b2cf46fd8;  0 drivers
v0000027b2cf12660_0 .net "c", 0 0, L_0000027b2cf127a0;  1 drivers
v0000027b2cf12700_0 .net "s", 0 0, L_0000027b2cf46e10;  1 drivers
L_0000027b2cf127a0 .arith/mult 1, o0000027b2cf46fa8, o0000027b2cf46fd8;
# The file index is used to find the file name in the following table.
:file_names 3;
    "N/A";
    "<interactive>";
    "half_adder.v";
