#! /c/Source/iverilog-install/bin/vvp
:ivl_version "12.0 (devel)" "(s20150603-1539-g2693dd32b)";
:ivl_delay_selection "TYPICAL";
:vpi_time_precision + 0;
:vpi_module "C:\iverilog\lib\ivl\system.vpi";
:vpi_module "C:\iverilog\lib\ivl\vhdl_sys.vpi";
:vpi_module "C:\iverilog\lib\ivl\vhdl_textio.vpi";
:vpi_module "C:\iverilog\lib\ivl\v2005_math.vpi";
:vpi_module "C:\iverilog\lib\ivl\va_math.vpi";
S_000001f6963d4590 .scope module, "multiplexer_N_2to1" "multiplexer_N_2to1" 2 5;
 .timescale 0 0;
    .port_info 0 /INPUT 1 "select";
    .port_info 1 /INPUT 3 "in0";
    .port_info 2 /INPUT 3 "in1";
    .port_info 3 /OUTPUT 3 "channel_out";
P_000001f6963db760 .param/l "N" 0 2 7, +C4<00000000000000000000000000000010>;
v000001f6964304d0_0 .net "channel_out", 2 0, L_000001f69642fcb0;  1 drivers
o000001f6963decc8 .functor BUFZ 3, C4<zzz>; HiZ drive
v000001f696430250_0 .net "in0", 2 0, o000001f6963decc8;  0 drivers
o000001f6963decf8 .functor BUFZ 3, C4<zzz>; HiZ drive
v000001f6964302f0_0 .net "in1", 2 0, o000001f6963decf8;  0 drivers
o000001f6963de158 .functor BUFZ 1, C4<z>; HiZ drive
v000001f69642f350_0 .net "select", 0 0, o000001f6963de158;  0 drivers
L_000001f69642f2b0 .part o000001f6963decc8, 0, 1;
L_000001f696430a70 .part o000001f6963decf8, 0, 1;
L_000001f69642f3f0 .part o000001f6963decc8, 1, 1;
L_000001f69642f210 .part o000001f6963decf8, 1, 1;
L_000001f696430390 .part o000001f6963decc8, 2, 1;
L_000001f69642fad0 .part o000001f6963decf8, 2, 1;
L_000001f69642fcb0 .concat8 [ 1 1 1 0], L_000001f69643b680, L_000001f69643b760, L_000001f69643b840;
S_000001f6963d50a0 .scope generate, "genblk1[0]" "genblk1[0]" 2 18, 2 18 0, S_000001f6963d4590;
 .timescale 0 0;
P_000001f6963dba60 .param/l "i" 0 2 18, +C4<00>;
S_000001f6963d5230 .scope module, "m0" "multiplexer_2to1" 2 19, 3 1 0, S_000001f6963d50a0;
 .timescale 0 0;
    .port_info 0 /INPUT 1 "in0";
    .port_info 1 /INPUT 1 "in1";
    .port_info 2 /INPUT 1 "select";
    .port_info 3 /OUTPUT 1 "channel_out";
L_000001f69643b680 .functor BUFZ 1, L_000001f69643b610, C4<0>, C4<0>, C4<0>;
v000001f6963dcd50_0 .net "ag0_result", 0 0, L_000001f6963a2b90;  1 drivers
v000001f6963dc7b0_0 .net "ag1_result", 0 0, L_000001f69643b7d0;  1 drivers
v000001f6963dc990_0 .net "channel_out", 0 0, L_000001f69643b680;  1 drivers
v000001f6963dccb0_0 .net "in0", 0 0, L_000001f69642f2b0;  1 drivers
v000001f6963dc490_0 .net "in1", 0 0, L_000001f696430a70;  1 drivers
v000001f6963dc350_0 .net "ng0_result", 0 0, L_000001f69638e1c0;  1 drivers
v000001f6963dc710_0 .net "og0_result", 0 0, L_000001f69643b610;  1 drivers
v000001f6963dcc10_0 .net "select", 0 0, o000001f6963de158;  alias, 0 drivers
S_000001f6963d5cc0 .scope module, "ag0" "and_gate" 3 12, 4 1 0, S_000001f6963d5230;
 .timescale 0 0;
    .port_info 0 /INPUT 1 "a";
    .port_info 1 /INPUT 1 "b";
    .port_info 2 /OUTPUT 1 "result";
L_000001f6963a2b90 .functor AND 1, L_000001f69642f2b0, L_000001f69638e1c0, C4<1>, C4<1>;
v000001f6963dc5d0_0 .net "a", 0 0, L_000001f69642f2b0;  alias, 1 drivers
v000001f6963dc670_0 .net "b", 0 0, L_000001f69638e1c0;  alias, 1 drivers
v000001f6963dc030_0 .net "result", 0 0, L_000001f6963a2b90;  alias, 1 drivers
S_000001f6963d5e50 .scope module, "ag1" "and_gate" 3 13, 4 1 0, S_000001f6963d5230;
 .timescale 0 0;
    .port_info 0 /INPUT 1 "a";
    .port_info 1 /INPUT 1 "b";
    .port_info 2 /OUTPUT 1 "result";
L_000001f69643b7d0 .functor AND 1, L_000001f696430a70, o000001f6963de158, C4<1>, C4<1>;
v000001f6963dcdf0_0 .net "a", 0 0, L_000001f696430a70;  alias, 1 drivers
v000001f6963dc8f0_0 .net "b", 0 0, o000001f6963de158;  alias, 0 drivers
v000001f6963dcf30_0 .net "result", 0 0, L_000001f69643b7d0;  alias, 1 drivers
S_000001f6963d6530 .scope module, "ng0" "not_gate" 3 9, 5 1 0, S_000001f6963d5230;
 .timescale 0 0;
    .port_info 0 /INPUT 1 "a";
    .port_info 1 /OUTPUT 1 "result";
L_000001f69638e1c0 .functor NOT 1, o000001f6963de158, C4<0>, C4<0>, C4<0>;
v000001f6963dc3f0_0 .net "a", 0 0, o000001f6963de158;  alias, 0 drivers
v000001f6963dc0d0_0 .net "result", 0 0, L_000001f69638e1c0;  alias, 1 drivers
S_000001f6963d66c0 .scope module, "og0" "or_gate" 3 16, 6 1 0, S_000001f6963d5230;
 .timescale 0 0;
    .port_info 0 /INPUT 1 "a";
    .port_info 1 /INPUT 1 "b";
    .port_info 2 /OUTPUT 1 "result";
L_000001f69643b610 .functor OR 1, L_000001f6963a2b90, L_000001f69643b7d0, C4<0>, C4<0>;
v000001f6963dc210_0 .net "a", 0 0, L_000001f6963a2b90;  alias, 1 drivers
v000001f6963dc2b0_0 .net "b", 0 0, L_000001f69643b7d0;  alias, 1 drivers
v000001f6963dcb70_0 .net "result", 0 0, L_000001f69643b610;  alias, 1 drivers
S_000001f6963a2510 .scope generate, "genblk1[1]" "genblk1[1]" 2 18, 2 18 0, S_000001f6963d4590;
 .timescale 0 0;
P_000001f6963db7a0 .param/l "i" 0 2 18, +C4<01>;
S_000001f6963a26a0 .scope module, "m0" "multiplexer_2to1" 2 19, 3 1 0, S_000001f6963a2510;
 .timescale 0 0;
    .port_info 0 /INPUT 1 "in0";
    .port_info 1 /INPUT 1 "in1";
    .port_info 2 /INPUT 1 "select";
    .port_info 3 /OUTPUT 1 "channel_out";
L_000001f69643b760 .functor BUFZ 1, L_000001f69643b990, C4<0>, C4<0>, C4<0>;
v000001f69642ef90_0 .net "ag0_result", 0 0, L_000001f69643b8b0;  1 drivers
v000001f696430430_0 .net "ag1_result", 0 0, L_000001f69643b6f0;  1 drivers
v000001f6964307f0_0 .net "channel_out", 0 0, L_000001f69643b760;  1 drivers
v000001f69642fb70_0 .net "in0", 0 0, L_000001f69642f3f0;  1 drivers
v000001f69642f490_0 .net "in1", 0 0, L_000001f69642f210;  1 drivers
v000001f696430570_0 .net "ng0_result", 0 0, L_000001f69643bae0;  1 drivers
v000001f69642ffd0_0 .net "og0_result", 0 0, L_000001f69643b990;  1 drivers
v000001f696430890_0 .net "select", 0 0, o000001f6963de158;  alias, 0 drivers
S_000001f69642e900 .scope module, "ag0" "and_gate" 3 12, 4 1 0, S_000001f6963a26a0;
 .timescale 0 0;
    .port_info 0 /INPUT 1 "a";
    .port_info 1 /INPUT 1 "b";
    .port_info 2 /OUTPUT 1 "result";
L_000001f69643b8b0 .functor AND 1, L_000001f69642f3f0, L_000001f69643bae0, C4<1>, C4<1>;
v000001f6963dca30_0 .net "a", 0 0, L_000001f69642f3f0;  alias, 1 drivers
v000001f6963dcad0_0 .net "b", 0 0, L_000001f69643bae0;  alias, 1 drivers
v000001f6963dce90_0 .net "result", 0 0, L_000001f69643b8b0;  alias, 1 drivers
S_000001f69642ea90 .scope module, "ag1" "and_gate" 3 13, 4 1 0, S_000001f6963a26a0;
 .timescale 0 0;
    .port_info 0 /INPUT 1 "a";
    .port_info 1 /INPUT 1 "b";
    .port_info 2 /OUTPUT 1 "result";
L_000001f69643b6f0 .functor AND 1, L_000001f69642f210, o000001f6963de158, C4<1>, C4<1>;
v000001f6964306b0_0 .net "a", 0 0, L_000001f69642f210;  alias, 1 drivers
v000001f696430b10_0 .net "b", 0 0, o000001f6963de158;  alias, 0 drivers
v000001f69642f7b0_0 .net "result", 0 0, L_000001f69643b6f0;  alias, 1 drivers
S_000001f696430c30 .scope module, "ng0" "not_gate" 3 9, 5 1 0, S_000001f6963a26a0;
 .timescale 0 0;
    .port_info 0 /INPUT 1 "a";
    .port_info 1 /OUTPUT 1 "result";
L_000001f69643bae0 .functor NOT 1, o000001f6963de158, C4<0>, C4<0>, C4<0>;
v000001f69642ee50_0 .net "a", 0 0, o000001f6963de158;  alias, 0 drivers
v000001f69642f0d0_0 .net "result", 0 0, L_000001f69643bae0;  alias, 1 drivers
S_000001f696430dc0 .scope module, "og0" "or_gate" 3 16, 6 1 0, S_000001f6963a26a0;
 .timescale 0 0;
    .port_info 0 /INPUT 1 "a";
    .port_info 1 /INPUT 1 "b";
    .port_info 2 /OUTPUT 1 "result";
L_000001f69643b990 .functor OR 1, L_000001f69643b8b0, L_000001f69643b6f0, C4<0>, C4<0>;
v000001f69642f530_0 .net "a", 0 0, L_000001f69643b8b0;  alias, 1 drivers
v000001f696430750_0 .net "b", 0 0, L_000001f69643b6f0;  alias, 1 drivers
v000001f69642f850_0 .net "result", 0 0, L_000001f69643b990;  alias, 1 drivers
S_000001f696430f50 .scope generate, "genblk1[2]" "genblk1[2]" 2 18, 2 18 0, S_000001f6963d4590;
 .timescale 0 0;
P_000001f6963dbb60 .param/l "i" 0 2 18, +C4<010>;
S_000001f6964310e0 .scope module, "m0" "multiplexer_2to1" 2 19, 3 1 0, S_000001f696430f50;
 .timescale 0 0;
    .port_info 0 /INPUT 1 "in0";
    .port_info 1 /INPUT 1 "in1";
    .port_info 2 /INPUT 1 "select";
    .port_info 3 /OUTPUT 1 "channel_out";
L_000001f69643b840 .functor BUFZ 1, L_000001f69643ba00, C4<0>, C4<0>, C4<0>;
v000001f69642f670_0 .net "ag0_result", 0 0, L_000001f69643bb50;  1 drivers
v000001f69642edb0_0 .net "ag1_result", 0 0, L_000001f69643bc30;  1 drivers
v000001f696430110_0 .net "channel_out", 0 0, L_000001f69643b840;  1 drivers
v000001f69642f030_0 .net "in0", 0 0, L_000001f696430390;  1 drivers
v000001f69642f8f0_0 .net "in1", 0 0, L_000001f69642fad0;  1 drivers
v000001f69642f170_0 .net "ng0_result", 0 0, L_000001f69643bd10;  1 drivers
v000001f696430070_0 .net "og0_result", 0 0, L_000001f69643ba00;  1 drivers
v000001f69642f990_0 .net "select", 0 0, o000001f6963de158;  alias, 0 drivers
S_000001f696431270 .scope module, "ag0" "and_gate" 3 12, 4 1 0, S_000001f6964310e0;
 .timescale 0 0;
    .port_info 0 /INPUT 1 "a";
    .port_info 1 /INPUT 1 "b";
    .port_info 2 /OUTPUT 1 "result";
L_000001f69643bb50 .functor AND 1, L_000001f696430390, L_000001f69643bd10, C4<1>, C4<1>;
v000001f69642ec70_0 .net "a", 0 0, L_000001f696430390;  alias, 1 drivers
v000001f69642fa30_0 .net "b", 0 0, L_000001f69643bd10;  alias, 1 drivers
v000001f69642fc10_0 .net "result", 0 0, L_000001f69643bb50;  alias, 1 drivers
S_000001f696431400 .scope module, "ag1" "and_gate" 3 13, 4 1 0, S_000001f6964310e0;
 .timescale 0 0;
    .port_info 0 /INPUT 1 "a";
    .port_info 1 /INPUT 1 "b";
    .port_info 2 /OUTPUT 1 "result";
L_000001f69643bc30 .functor AND 1, L_000001f69642fad0, o000001f6963de158, C4<1>, C4<1>;
v000001f6964301b0_0 .net "a", 0 0, L_000001f69642fad0;  alias, 1 drivers
v000001f696430930_0 .net "b", 0 0, o000001f6963de158;  alias, 0 drivers
v000001f69642f5d0_0 .net "result", 0 0, L_000001f69643bc30;  alias, 1 drivers
S_000001f696431f40 .scope module, "ng0" "not_gate" 3 9, 5 1 0, S_000001f6964310e0;
 .timescale 0 0;
    .port_info 0 /INPUT 1 "a";
    .port_info 1 /OUTPUT 1 "result";
L_000001f69643bd10 .functor NOT 1, o000001f6963de158, C4<0>, C4<0>, C4<0>;
v000001f69642f710_0 .net "a", 0 0, o000001f6963de158;  alias, 0 drivers
v000001f6964309d0_0 .net "result", 0 0, L_000001f69643bd10;  alias, 1 drivers
S_000001f696431a90 .scope module, "og0" "or_gate" 3 16, 6 1 0, S_000001f6964310e0;
 .timescale 0 0;
    .port_info 0 /INPUT 1 "a";
    .port_info 1 /INPUT 1 "b";
    .port_info 2 /OUTPUT 1 "result";
L_000001f69643ba00 .functor OR 1, L_000001f69643bb50, L_000001f69643bc30, C4<0>, C4<0>;
v000001f69642ed10_0 .net "a", 0 0, L_000001f69643bb50;  alias, 1 drivers
v000001f696430610_0 .net "b", 0 0, L_000001f69643bc30;  alias, 1 drivers
v000001f69642eef0_0 .net "result", 0 0, L_000001f69643ba00;  alias, 1 drivers
# The file index is used to find the file name in the following table.
:file_names 7;
    "N/A";
    "<interactive>";
    "multiplexer_N_2to1.v";
    "./multiplexer_2to1.v";
    "./and_gate.v";
    "./not_gate.v";
    "./or_gate.v";
